INFO: 2024-09-02 01:27:21,851: main() 'Using profile folder /home/pawel/.config/variety/'
INFO: 2024-09-02 01:27:21,852: perform_upgrade() 'Last run version was 0.8.12 or earlier, current version is 0.8.12'
INFO: 2024-09-02 01:27:21,900: process_command() 'Received command: ['-n']'
INFO: 2024-09-02 01:27:21,901: start() 'Using data_path /usr/share/variety'
INFO: 2024-09-02 01:27:21,901: load() 'Jumble loading'
INFO: 2024-09-02 01:27:21,901: _walk_modules() 'Jumble loading module in __init__ from /usr/lib/python3.12/site-packages/variety/plugins/builtin/__init__.py'
INFO: 2024-09-02 01:27:21,901: _walk_modules() 'Jumble loading module in GnomeDisplayModesPlugin from /usr/lib/python3.12/site-packages/variety/plugins/builtin/display_modes/GnomeDisplayModesPlugin.py'
INFO: 2024-09-02 01:27:21,902: load() 'Jumble found plugin class: <class 'GnomeDisplayModesPlugin.GnomeDisplayModesPlugin'>: {'name': 'GnomeDisplayModesPlugin', 'description': 'Display modes relying on the underlying desktop environment', 'version': '1.0', 'author': 'Peter Levi'}'
INFO: 2024-09-02 01:27:21,902: _walk_modules() 'Jumble loading module in LegacyDisplayModesPlugin from /usr/lib/python3.12/site-packages/variety/plugins/builtin/display_modes/LegacyDisplayModesPlugin.py'
INFO: 2024-09-02 01:27:21,902: load() 'Jumble found plugin class: <class 'LegacyDisplayModesPlugin.LegacyDisplayModesPlugin'>: {'name': 'LegacyDisplayModesPlugin', 'description': 'Legacy display mode for compatibility with past Variety versions', 'version': '1.0', 'author': 'Peter Levi'}'
INFO: 2024-09-02 01:27:21,902: _walk_modules() 'Jumble loading module in ResizingDisplayModesPlugin from /usr/lib/python3.12/site-packages/variety/plugins/builtin/display_modes/ResizingDisplayModesPlugin.py'
INFO: 2024-09-02 01:27:21,902: load() 'Jumble found plugin class: <class 'ResizingDisplayModesPlugin.ResizingDisplayModesPlugin'>: {'name': 'ResizingDisplayModesPlugin', 'description': 'Display modes that use image resizing within Variety', 'version': '1.0', 'author': 'Peter Levi'}'
INFO: 2024-09-02 01:27:21,902: _walk_modules() 'Jumble loading module in __init__ from /usr/lib/python3.12/site-packages/variety/plugins/builtin/display_modes/__init__.py'
INFO: 2024-09-02 01:27:21,902: _walk_modules() 'Jumble loading module in APODDownloader from /usr/lib/python3.12/site-packages/variety/plugins/builtin/downloaders/APODDownloader.py'
INFO: 2024-09-02 01:27:21,902: load() 'Jumble found plugin class: <class 'APODDownloader.APODDownloader'>: {'name': 'APODDownloader', 'description': 'NASA Astro Pic of the Day', 'author': 'Peter Levi', 'version': '0.1'}'
INFO: 2024-09-02 01:27:21,902: _walk_modules() 'Jumble loading module in ArtStationDownloader from /usr/lib/python3.12/site-packages/variety/plugins/builtin/downloaders/ArtStationDownloader.py'
INFO: 2024-09-02 01:27:21,902: _walk_modules() 'Jumble loading module in ArtStationSource from /usr/lib/python3.12/site-packages/variety/plugins/builtin/downloaders/ArtStationSource.py'
INFO: 2024-09-02 01:27:21,903: load() 'Jumble found plugin class: <class 'ArtStationSource.ArtStationSource'>: {'name': 'ArtStationSource', 'description': 'Configurable source for fetching images from ArtStation', 'author': 'Denis Gordeev', 'version': '0.1'}'
INFO: 2024-09-02 01:27:21,903: _walk_modules() 'Jumble loading module in BingDownloader from /usr/lib/python3.12/site-packages/variety/plugins/builtin/downloaders/BingDownloader.py'
INFO: 2024-09-02 01:27:21,903: load() 'Jumble found plugin class: <class 'BingDownloader.BingDownloader'>: {'name': 'BingDownloader', 'description': 'Bing Photo of the Day', 'author': 'Peter Levi', 'version': '0.1'}'
INFO: 2024-09-02 01:27:21,903: _walk_modules() 'Jumble loading module in EarthviewDownloader from /usr/lib/python3.12/site-packages/variety/plugins/builtin/downloaders/EarthviewDownloader.py'
INFO: 2024-09-02 01:27:21,903: load() 'Jumble found plugin class: <class 'EarthviewDownloader.EarthviewDownloader'>: {'name': 'EarthviewDownloader', 'description': 'Google Earth View Wallpapers', 'author': 'Peter Levi', 'version': '0.1'}'
INFO: 2024-09-02 01:27:21,903: _walk_modules() 'Jumble loading module in MediaRSSDownloader from /usr/lib/python3.12/site-packages/variety/plugins/builtin/downloaders/MediaRSSDownloader.py'
INFO: 2024-09-02 01:27:21,903: _walk_modules() 'Jumble loading module in MediaRSSSource from /usr/lib/python3.12/site-packages/variety/plugins/builtin/downloaders/MediaRSSSource.py'
INFO: 2024-09-02 01:27:21,904: load() 'Jumble found plugin class: <class 'MediaRSSSource.MediaRSSSource'>: {'name': 'MediaRSSSource', 'description': 'Configurable source for fetching images from MediaRSS feeds', 'author': 'Peter Levi', 'version': '0.1'}'
INFO: 2024-09-02 01:27:21,904: _walk_modules() 'Jumble loading module in NationalGeographicDownloader from /usr/lib/python3.12/site-packages/variety/plugins/builtin/downloaders/NationalGeographicDownloader.py'
INFO: 2024-09-02 01:27:21,904: load() 'Jumble found plugin class: <class 'NationalGeographicDownloader.NationalGeographicDownloader'>: {'name': 'NationalGeographicDownloader', 'description': "National Geographic's photo of the day", 'author': 'Eric Rösch', 'version': '0.1'}'
INFO: 2024-09-02 01:27:21,904: _walk_modules() 'Jumble loading module in RedditDownloader from /usr/lib/python3.12/site-packages/variety/plugins/builtin/downloaders/RedditDownloader.py'
INFO: 2024-09-02 01:27:21,904: _walk_modules() 'Jumble loading module in RedditSource from /usr/lib/python3.12/site-packages/variety/plugins/builtin/downloaders/RedditSource.py'
INFO: 2024-09-02 01:27:21,904: load() 'Jumble found plugin class: <class 'RedditSource.RedditSource'>: {'name': 'RedditSource', 'description': 'Configurable source for fetching images from Reddit', 'author': 'Peter Levi', 'version': '0.1'}'
INFO: 2024-09-02 01:27:21,904: _walk_modules() 'Jumble loading module in UnsplashConfigurableSource from /usr/lib/python3.12/site-packages/variety/plugins/builtin/downloaders/UnsplashConfigurableSource.py'
INFO: 2024-09-02 01:27:21,905: load() 'Jumble found plugin class: <class 'UnsplashConfigurableSource.UnsplashConfigurableSource'>: {'name': 'UnsplashConfigurableSource', 'description': 'Configurable source for fetching photos from Unsplash.com', 'author': 'Peter Levi', 'version': '0.1'}'
INFO: 2024-09-02 01:27:21,905: _walk_modules() 'Jumble loading module in UnsplashDownloader from /usr/lib/python3.12/site-packages/variety/plugins/builtin/downloaders/UnsplashDownloader.py'
INFO: 2024-09-02 01:27:21,905: load() 'Jumble found plugin class: <class 'UnsplashDownloader.UnsplashDownloader'>: {'name': 'UnsplashDownloader', 'description': 'High-resolution photos from Unsplash.com', 'author': 'Peter Levi', 'version': '0.1'}'
INFO: 2024-09-02 01:27:21,905: _walk_modules() 'Jumble loading module in WallhavenDownloader from /usr/lib/python3.12/site-packages/variety/plugins/builtin/downloaders/WallhavenDownloader.py'
INFO: 2024-09-02 01:27:21,905: _walk_modules() 'Jumble loading module in WallhavenLegacyDownloader from /usr/lib/python3.12/site-packages/variety/plugins/builtin/downloaders/WallhavenLegacyDownloader.py'
INFO: 2024-09-02 01:27:21,906: _walk_modules() 'Jumble loading module in WallhavenSource from /usr/lib/python3.12/site-packages/variety/plugins/builtin/downloaders/WallhavenSource.py'
INFO: 2024-09-02 01:27:21,906: load() 'Jumble found plugin class: <class 'WallhavenSource.WallhavenSource'>: {'name': 'WallhavenSource', 'description': 'Configurable source for fetching images from Wallhaven.cc', 'author': 'Peter Levi', 'version': '0.1'}'
INFO: 2024-09-02 01:27:21,906: _walk_modules() 'Jumble loading module in __init__ from /usr/lib/python3.12/site-packages/variety/plugins/builtin/downloaders/__init__.py'
INFO: 2024-09-02 01:27:21,906: _walk_modules() 'Jumble loading module in FortuneSource from /usr/lib/python3.12/site-packages/variety/plugins/builtin/quotes/FortuneSource.py'
INFO: 2024-09-02 01:27:21,906: load() 'Jumble found plugin class: <class 'FortuneSource.FortuneSource'>: {'name': 'UNIX fortune program', 'description': 'Displays quotes using the UNIX fortune program. You may want to install additional fortune packs, e.g. fortunes-bofh-excuses.', 'author': 'Dan Jones', 'version': '0.1'}'
INFO: 2024-09-02 01:27:21,906: _walk_modules() 'Jumble loading module in GoodreadsSource from /usr/lib/python3.12/site-packages/variety/plugins/builtin/quotes/GoodreadsSource.py'
INFO: 2024-09-02 01:27:21,928: load() 'Jumble found plugin class: <class 'GoodreadsSource.GoodreadsSource'>: {'name': 'Goodreads', 'description': 'Fetches quotes from Goodreads.com', 'author': 'Peter Levi', 'version': '0.1'}'
INFO: 2024-09-02 01:27:21,928: _walk_modules() 'Jumble loading module in LocalFilesSource from /usr/lib/python3.12/site-packages/variety/plugins/builtin/quotes/LocalFilesSource.py'
INFO: 2024-09-02 01:27:21,928: load() 'Jumble found plugin class: <class 'LocalFilesSource.LocalFilesSource'>: {'name': 'Local text files', 'description': 'Displays quotes, defined in local text files.\nPut your own txt files in: ~/.config/variety/pluginconfig/quotes/.\nThe file format is:\n\nquote -- author\n.\nsecond quote -- another author\n.\netc...\n\nExample: http://rvelthuis.de/zips/quotes.txt', 'author': 'Peter Levi', 'version': '0.1'}'
INFO: 2024-09-02 01:27:21,928: _walk_modules() 'Jumble loading module in QuotationsPageSource from /usr/lib/python3.12/site-packages/variety/plugins/builtin/quotes/QuotationsPageSource.py'
INFO: 2024-09-02 01:27:21,928: load() 'Jumble found plugin class: <class 'QuotationsPageSource.QuotationsPageSource'>: {'name': 'TheQuotationsPage.com', 'description': 'Fetches quotes from TheQuotationsPage.com', 'author': 'Peter Levi', 'version': '0.1'}'
INFO: 2024-09-02 01:27:21,928: _walk_modules() 'Jumble loading module in UrbanDictionarySource from /usr/lib/python3.12/site-packages/variety/plugins/builtin/quotes/UrbanDictionarySource.py'
INFO: 2024-09-02 01:27:21,928: load() 'Jumble found plugin class: <class 'UrbanDictionarySource.UrbanDictionarySource'>: {'name': 'Urban Dictionary', 'description': 'Displays definitions from Urban Dictionary', 'author': 'James Miller', 'version': '0.1'}'
INFO: 2024-09-02 01:27:21,929: _walk_modules() 'Jumble loading module in __init__ from /usr/lib/python3.12/site-packages/variety/plugins/builtin/quotes/__init__.py'
INFO: 2024-09-02 01:27:21,933: log_options() 'Loaded options:'
INFO: 2024-09-02 01:27:21,933: log_options() 'change_enabled = True'
INFO: 2024-09-02 01:27:21,933: log_options() 'change_interval = 300'
INFO: 2024-09-02 01:27:21,933: log_options() 'change_on_start = True'
INFO: 2024-09-02 01:27:21,933: log_options() 'clipboard_enabled = False'
INFO: 2024-09-02 01:27:21,933: log_options() 'clipboard_hosts = ['wallhaven.cc', 'wallpapers.net', 'flickr.com', 'imgur.com', 'deviantart.com', 'interfacelift.com', 'vladstudio.com', 'imageshack.us', 'deviantart.net', 'imageshack.com']'
INFO: 2024-09-02 01:27:21,933: log_options() 'clipboard_use_whitelist = True'
INFO: 2024-09-02 01:27:21,933: log_options() 'clock_date_font = Ubuntu Nerd Font Medium 30'
INFO: 2024-09-02 01:27:21,933: log_options() 'clock_enabled = True'
INFO: 2024-09-02 01:27:21,933: log_options() 'clock_filter = -density 100 -font `fc-match -f '%{file[0]}' '%CLOCK_FONT_NAME'` -pointsize %CLOCK_FONT_SIZE -gravity SouthEast -fill '#00000044' -annotate 0x0+[%HOFFSET+58]+[%VOFFSET+108] '%H:%M' -fill white -annotate 0x0+[%HOFFSET+60]+[%VOFFSET+110] '%H:%M' -font `fc-match -f '%{file[0]}' '%DATE_FONT_NAME'` -pointsize %DATE_FONT_SIZE -fill '#00000044' -annotate 0x0+[%HOFFSET+58]+[%VOFFSET+58] '%A, %B %d' -fill white -annotate 0x0+[%HOFFSET+60]+[%VOFFSET+60] '%A, %B %d''
INFO: 2024-09-02 01:27:21,933: log_options() 'clock_font = Ubuntu Nerd Font 70'
INFO: 2024-09-02 01:27:21,933: log_options() 'configfile = /home/pawel/.config/variety/variety.conf'
INFO: 2024-09-02 01:27:21,933: log_options() 'copyto_enabled = False'
INFO: 2024-09-02 01:27:21,933: log_options() 'copyto_folder = Default'
INFO: 2024-09-02 01:27:21,933: log_options() 'desired_color = [160, 160, 160]'
INFO: 2024-09-02 01:27:21,933: log_options() 'desired_color_enabled = False'
INFO: 2024-09-02 01:27:21,933: log_options() 'download_folder = /home/pawel/.config/variety/Downloaded'
INFO: 2024-09-02 01:27:21,933: log_options() 'download_preference_ratio = 0.9'
INFO: 2024-09-02 01:27:21,933: log_options() 'favorites_folder = /home/pawel/.config/variety/Favorites'
INFO: 2024-09-02 01:27:21,933: log_options() 'favorites_operations = [['Downloaded', 'Copy'], ['Fetched', 'Move'], ['Others', 'Copy']]'
INFO: 2024-09-02 01:27:21,933: log_options() 'fetched_folder = /home/pawel/.config/variety/Fetched'
INFO: 2024-09-02 01:27:21,933: log_options() 'filters = [[False, 'Keep original', ''], [False, 'Grayscale', '-type Grayscale'], [False, 'Heavy blur', '-scale 20% -blur 0x10 -resize 500%'], [False, 'Soft blur', '-scale 20% -blur 0x2 -resize 500%'], [False, 'Oil painting', '-paint 8'], [False, 'Pointilism', '-spread 10 -noise 3'], [False, 'Pixellate', '-scale 3% -scale 3333%']]'
INFO: 2024-09-02 01:27:21,933: log_options() 'get_wallpaper_script = /home/pawel/.config/variety/scripts/get_wallpaper'
INFO: 2024-09-02 01:27:21,933: log_options() 'icon = Light'
INFO: 2024-09-02 01:27:21,933: log_options() 'internet_enabled = True'
INFO: 2024-09-02 01:27:21,933: log_options() 'lightness_enabled = False'
INFO: 2024-09-02 01:27:21,933: log_options() 'lightness_mode = 0'
INFO: 2024-09-02 01:27:21,933: log_options() 'min_rating = 4'
INFO: 2024-09-02 01:27:21,933: log_options() 'min_rating_enabled = False'
INFO: 2024-09-02 01:27:21,933: log_options() 'min_size = 80'
INFO: 2024-09-02 01:27:21,933: log_options() 'min_size_enabled = False'
INFO: 2024-09-02 01:27:21,933: log_options() 'quota_enabled = True'
INFO: 2024-09-02 01:27:21,933: log_options() 'quota_size = 1000'
INFO: 2024-09-02 01:27:21,933: log_options() 'quotes_authors = '
INFO: 2024-09-02 01:27:21,933: log_options() 'quotes_bg_color = [80, 80, 80]'
INFO: 2024-09-02 01:27:21,933: log_options() 'quotes_bg_opacity = 55'
INFO: 2024-09-02 01:27:21,933: log_options() 'quotes_change_enabled = False'
INFO: 2024-09-02 01:27:21,933: log_options() 'quotes_change_interval = 300'
INFO: 2024-09-02 01:27:21,933: log_options() 'quotes_disabled_sources = ['Urban Dictionary']'
INFO: 2024-09-02 01:27:21,933: log_options() 'quotes_enabled = False'
INFO: 2024-09-02 01:27:21,933: log_options() 'quotes_favorites_file = /home/pawel/.config/variety/favorite_quotes.txt'
INFO: 2024-09-02 01:27:21,933: log_options() 'quotes_font = Serif 30'
INFO: 2024-09-02 01:27:21,933: log_options() 'quotes_hpos = 100'
INFO: 2024-09-02 01:27:21,933: log_options() 'quotes_max_length = 250'
INFO: 2024-09-02 01:27:21,933: log_options() 'quotes_tags = '
INFO: 2024-09-02 01:27:21,933: log_options() 'quotes_text_color = [255, 255, 255]'
INFO: 2024-09-02 01:27:21,933: log_options() 'quotes_text_shadow = False'
INFO: 2024-09-02 01:27:21,933: log_options() 'quotes_vpos = 40'
INFO: 2024-09-02 01:27:21,933: log_options() 'quotes_width = 70'
INFO: 2024-09-02 01:27:21,933: log_options() 'safe_mode = False'
INFO: 2024-09-02 01:27:21,933: log_options() 'set_wallpaper_script = /home/pawel/.config/variety/scripts/set_wallpaper'
INFO: 2024-09-02 01:27:21,933: log_options() 'slideshow_custom_enabled = False'
INFO: 2024-09-02 01:27:21,933: log_options() 'slideshow_custom_folder = /home/pawel/Obrazy'
INFO: 2024-09-02 01:27:21,933: log_options() 'slideshow_downloads_enabled = False'
INFO: 2024-09-02 01:27:21,933: log_options() 'slideshow_fade = 0.4'
INFO: 2024-09-02 01:27:21,933: log_options() 'slideshow_favorites_enabled = True'
INFO: 2024-09-02 01:27:21,933: log_options() 'slideshow_mode = Fullscreen'
INFO: 2024-09-02 01:27:21,933: log_options() 'slideshow_monitor = All'
INFO: 2024-09-02 01:27:21,933: log_options() 'slideshow_pan = 0.05'
INFO: 2024-09-02 01:27:21,933: log_options() 'slideshow_seconds = 6.0'
INFO: 2024-09-02 01:27:21,933: log_options() 'slideshow_sort_order = Random'
INFO: 2024-09-02 01:27:21,933: log_options() 'slideshow_sources_enabled = True'
INFO: 2024-09-02 01:27:21,933: log_options() 'slideshow_zoom = 0.2'
INFO: 2024-09-02 01:27:21,933: log_options() 'smart_enabled = False'
INFO: 2024-09-02 01:27:21,933: log_options() 'smart_notice_shown = False'
INFO: 2024-09-02 01:27:21,933: log_options() 'smart_register_shown = False'
INFO: 2024-09-02 01:27:21,933: log_options() 'sources = [[False, 'favorites', 'The Favorites folder'], [False, 'fetched', 'The Fetched folder'], [False, 'folder', '/usr/share/backgrounds'], [False, 'flickr', 'user:www.flickr.com/photos/peter-levi/;user_id:93647178@N00;'], [False, 'apod', "NASA's Astronomy Picture of the Day"], [False, 'bing', 'Bing Photo of the Day'], [False, 'earthview', 'Google Earth View Wallpapers'], [False, 'natgeo', "National Geographic's photo of the day"], [False, 'unsplash', 'High-resolution photos from Unsplash.com'], [True, 'folder', '/usr/share/wallpapers']]'
INFO: 2024-09-02 01:27:21,933: log_options() 'stats_enabled = True'
INFO: 2024-09-02 01:27:21,933: log_options() 'stats_notice_shown = False'
INFO: 2024-09-02 01:27:21,933: log_options() 'sync_enabled = True'
INFO: 2024-09-02 01:27:21,933: log_options() 'use_landscape_enabled = True'
INFO: 2024-09-02 01:27:21,933: log_options() 'wallhaven_api_key = '
INFO: 2024-09-02 01:27:21,933: log_options() 'wallpaper_auto_rotate = False'
INFO: 2024-09-02 01:27:21,933: log_options() 'wallpaper_display_mode = os'
INFO: 2024-09-02 01:27:21,933: reload_config() 'No need to clear prepared queue'
INFO: 2024-09-02 01:27:21,933: clock_thread_method() 'clock thread running'
INFO: 2024-09-02 01:27:21,934: update_indicator() 'Setting file info to: /usr/share/wallpapers/0154.jpg'
INFO: 2024-09-02 01:27:21,934: load_banned() 'Missing or invalid banned URLs list, no URLs will be banned'
INFO: 2024-09-02 01:27:21,934: load_last_change_time() 'Change interval < 6 hours, ignore persisted last_change_time, wait initially the whole interval: 300'
INFO: 2024-09-02 01:27:21,934: update_indicator() 'Setting file info to: /usr/share/wallpapers/0154.jpg'
INFO: 2024-09-02 01:27:21,934: regular_change_thread() 'regular_change thread running'
INFO: 2024-09-02 01:27:21,934: prepare_thread() 'Prepare thread running'
INFO: 2024-09-02 01:27:21,934: prepare_thread() 'Prepared buffer contains 0 images'
INFO: 2024-09-02 01:27:21,934: prepare_thread() 'Preparing some images'
INFO: 2024-09-02 01:27:21,935: update_indicator_icon() 'Creating indicator'
WARNING: 2024-09-02 01:27:21,938: create_menu() 'Variety Slideshow is not installed. This is an optional extension adding pan-and-zoom slideshows to Variety: see https://github.com/peterlevi/variety-slideshow for details'
INFO: 2024-09-02 01:27:21,938: create_indicator() 'indicator backend: fallback tray'
INFO: 2024-09-02 01:27:21,942: prepare_thread() 'After search prepared buffer contains 100 images'
INFO: 2024-09-02 01:27:21,959: set_from_theme_icon() 'Showing status icon variety-indicator from GTK theme'
INFO: 2024-09-02 01:27:22,035: do_set_wp() 'Calling do_set_wp with /usr/share/wallpapers/0154.jpg, time: 1725233242.0354571'
INFO: 2024-09-02 01:27:22,041: compute_trimmed_offsets() 'Trimmed offsets debug info: w:1920, h:1080, ratio:1.777778, iw:1920, ih:1080, scw:1920, sch:1080, ho:0, vo:0'
INFO: 2024-09-02 01:27:22,042: build_imagemagick_clock_cmd() 'Applying clock filter: -density 100 -font `fc-match -f '%{file[0]}' 'Ubuntu Nerd Font:70'` -pointsize 70 -gravity SouthEast -fill '#00000044' -annotate 0x0+58+108 '01:27' -fill white -annotate 0x0+60+110 '01:27' -font `fc-match -f '%{file[0]}' 'Ubuntu Nerd Font:Medium:30'` -pointsize 30 -fill '#00000044' -annotate 0x0+58+58 'poniedziałek, września 02' -fill white -annotate 0x0+60+60 'poniedziałek, września 02''
INFO: 2024-09-02 01:27:22,042: build_imagemagick_clock_cmd() 'ImageMagick clock cmd: convert /usr/share/wallpapers/0154.jpg -scale 1920x1080^ -density 100 -font `fc-match -f '%{file[0]}' 'Ubuntu Nerd Font:70'` -pointsize 70 -gravity SouthEast -fill '#00000044' -annotate 0x0+58+108 '01:27' -fill white -annotate 0x0+60+110 '01:27' -font `fc-match -f '%{file[0]}' 'Ubuntu Nerd Font:Medium:30'` -pointsize 30 -fill '#00000044' -annotate 0x0+58+58 'poniedziałek, września 02' -fill white -annotate 0x0+60+60 'poniedziałek, września 02' /home/pawel/.config/variety/wallpaper/wallpaper-clock-f63e1f8edc0352b5fbc32fce30e35528.jpg'
INFO: 2024-09-02 01:27:22,141: update_indicator() 'Setting file info to: /usr/share/wallpapers/0154.jpg'
INFO: 2024-09-02 01:27:22,142: list_files() 'More than 1 files in the folders, stop listing'
INFO: 2024-09-02 01:27:22,934: clock_thread_method() 'clock_thread updates wallpaper'
INFO: 2024-09-02 01:27:23,035: do_set_wp() 'Calling do_set_wp with /usr/share/wallpapers/0154.jpg, time: 1725233243.0359712'
INFO: 2024-09-02 01:27:23,036: compute_trimmed_offsets() 'Trimmed offsets debug info: w:1920, h:1080, ratio:1.777778, iw:1920, ih:1080, scw:1920, sch:1080, ho:0, vo:0'
INFO: 2024-09-02 01:27:23,037: build_imagemagick_clock_cmd() 'Applying clock filter: -density 100 -font `fc-match -f '%{file[0]}' 'Ubuntu Nerd Font:70'` -pointsize 70 -gravity SouthEast -fill '#00000044' -annotate 0x0+58+108 '01:27' -fill white -annotate 0x0+60+110 '01:27' -font `fc-match -f '%{file[0]}' 'Ubuntu Nerd Font:Medium:30'` -pointsize 30 -fill '#00000044' -annotate 0x0+58+58 'poniedziałek, września 02' -fill white -annotate 0x0+60+60 'poniedziałek, września 02''
INFO: 2024-09-02 01:27:23,037: build_imagemagick_clock_cmd() 'ImageMagick clock cmd: convert /usr/share/wallpapers/0154.jpg -scale 1920x1080^ -density 100 -font `fc-match -f '%{file[0]}' 'Ubuntu Nerd Font:70'` -pointsize 70 -gravity SouthEast -fill '#00000044' -annotate 0x0+58+108 '01:27' -fill white -annotate 0x0+60+110 '01:27' -font `fc-match -f '%{file[0]}' 'Ubuntu Nerd Font:Medium:30'` -pointsize 30 -fill '#00000044' -annotate 0x0+58+58 'poniedziałek, września 02' -fill white -annotate 0x0+60+60 'poniedziałek, września 02' /home/pawel/.config/variety/wallpaper/wallpaper-clock-fd351b44cbca1ea0d9b02e4a9ab0470c.jpg'
INFO: 2024-09-02 01:27:23,065: reload() 'Reloading preferences dialog'
INFO: 2024-09-02 01:27:23,120: update_indicator() 'Setting file info to: /usr/share/wallpapers/0154.jpg'
INFO: 2024-09-02 01:27:23,121: list_files() 'More than 1 files in the folders, stop listing'
INFO: 2024-09-02 01:27:23,942: trigger_download() 'Triggering download thread to check if download needed and possible'
INFO: 2024-09-02 01:27:24,278: process_command() 'Received command: ['-n']'
INFO: 2024-09-02 01:27:24,280: set_wallpaper() 'Calling set_wallpaper with /usr/share/wallpapers/0206.jpg'
INFO: 2024-09-02 01:27:24,280: prepare_thread() 'Prepared buffer contains 99 images'
INFO: 2024-09-02 01:27:24,280: do_set_wp() 'Calling do_set_wp with /usr/share/wallpapers/0206.jpg, time: 1725233244.2806861'
INFO: 2024-09-02 01:27:24,281: compute_trimmed_offsets() 'Trimmed offsets debug info: w:1920, h:1080, ratio:1.777778, iw:1920, ih:1200, scw:1920, sch:1200, ho:0, vo:60'
INFO: 2024-09-02 01:27:24,281: build_imagemagick_clock_cmd() 'Applying clock filter: -density 100 -font `fc-match -f '%{file[0]}' 'Ubuntu Nerd Font:70'` -pointsize 70 -gravity SouthEast -fill '#00000044' -annotate 0x0+58+168 '01:27' -fill white -annotate 0x0+60+170 '01:27' -font `fc-match -f '%{file[0]}' 'Ubuntu Nerd Font:Medium:30'` -pointsize 30 -fill '#00000044' -annotate 0x0+58+118 'poniedziałek, września 02' -fill white -annotate 0x0+60+120 'poniedziałek, września 02''
INFO: 2024-09-02 01:27:24,281: build_imagemagick_clock_cmd() 'ImageMagick clock cmd: convert /usr/share/wallpapers/0206.jpg -scale 1920x1080^ -density 100 -font `fc-match -f '%{file[0]}' 'Ubuntu Nerd Font:70'` -pointsize 70 -gravity SouthEast -fill '#00000044' -annotate 0x0+58+168 '01:27' -fill white -annotate 0x0+60+170 '01:27' -font `fc-match -f '%{file[0]}' 'Ubuntu Nerd Font:Medium:30'` -pointsize 30 -fill '#00000044' -annotate 0x0+58+118 'poniedziałek, września 02' -fill white -annotate 0x0+60+120 'poniedziałek, września 02' /home/pawel/.config/variety/wallpaper/wallpaper-clock-f50622a27b47142b2deed9f7892896f3.jpg'
INFO: 2024-09-02 01:27:24,367: update_indicator() 'Setting file info to: /usr/share/wallpapers/0206.jpg'
INFO: 2024-09-02 01:27:24,368: list_files() 'More than 1 files in the folders, stop listing'
INFO: 2024-09-02 01:27:24,902: set_wallpaper() 'Calling set_wallpaper with /usr/share/wallpapers/0073.jpg'
INFO: 2024-09-02 01:27:24,902: prepare_thread() 'Prepared buffer contains 98 images'
INFO: 2024-09-02 01:27:25,281: do_set_wp() 'Calling do_set_wp with /usr/share/wallpapers/0073.jpg, time: 1725233245.2813392'
INFO: 2024-09-02 01:27:25,282: compute_trimmed_offsets() 'Trimmed offsets debug info: w:1920, h:1080, ratio:1.777778, iw:2698, ih:1517, scw:1920, sch:1080, ho:0, vo:0'
INFO: 2024-09-02 01:27:25,282: build_imagemagick_clock_cmd() 'Applying clock filter: -density 100 -font `fc-match -f '%{file[0]}' 'Ubuntu Nerd Font:70'` -pointsize 70 -gravity SouthEast -fill '#00000044' -annotate 0x0+58+108 '01:27' -fill white -annotate 0x0+60+110 '01:27' -font `fc-match -f '%{file[0]}' 'Ubuntu Nerd Font:Medium:30'` -pointsize 30 -fill '#00000044' -annotate 0x0+58+58 'poniedziałek, września 02' -fill white -annotate 0x0+60+60 'poniedziałek, września 02''
INFO: 2024-09-02 01:27:25,283: build_imagemagick_clock_cmd() 'ImageMagick clock cmd: convert /usr/share/wallpapers/0073.jpg -scale 1920x1080^ -density 100 -font `fc-match -f '%{file[0]}' 'Ubuntu Nerd Font:70'` -pointsize 70 -gravity SouthEast -fill '#00000044' -annotate 0x0+58+108 '01:27' -fill white -annotate 0x0+60+110 '01:27' -font `fc-match -f '%{file[0]}' 'Ubuntu Nerd Font:Medium:30'` -pointsize 30 -fill '#00000044' -annotate 0x0+58+58 'poniedziałek, września 02' -fill white -annotate 0x0+60+60 'poniedziałek, września 02' /home/pawel/.config/variety/wallpaper/wallpaper-clock-dfc9e496a6224348f9026318c7519fce.jpg'
INFO: 2024-09-02 01:27:25,436: update_indicator() 'Setting file info to: /usr/share/wallpapers/0073.jpg'
INFO: 2024-09-02 01:27:25,437: list_files() 'More than 1 files in the folders, stop listing'
INFO: 2024-09-02 01:27:26,129: process_command() 'Received command: ['-n']'
INFO: 2024-09-02 01:27:26,131: set_wallpaper() 'Calling set_wallpaper with /usr/share/wallpapers/0047.jpg'
INFO: 2024-09-02 01:27:26,131: prepare_thread() 'Prepared buffer contains 97 images'
INFO: 2024-09-02 01:27:26,280: trigger_download() 'Triggering download thread to check if download needed and possible'
INFO: 2024-09-02 01:27:26,281: do_set_wp() 'Calling do_set_wp with /usr/share/wallpapers/0047.jpg, time: 1725233246.2815974'
INFO: 2024-09-02 01:27:26,282: compute_trimmed_offsets() 'Trimmed offsets debug info: w:1920, h:1080, ratio:1.777778, iw:1920, ih:1080, scw:1920, sch:1080, ho:0, vo:0'
INFO: 2024-09-02 01:27:26,283: build_imagemagick_clock_cmd() 'Applying clock filter: -density 100 -font `fc-match -f '%{file[0]}' 'Ubuntu Nerd Font:70'` -pointsize 70 -gravity SouthEast -fill '#00000044' -annotate 0x0+58+108 '01:27' -fill white -annotate 0x0+60+110 '01:27' -font `fc-match -f '%{file[0]}' 'Ubuntu Nerd Font:Medium:30'` -pointsize 30 -fill '#00000044' -annotate 0x0+58+58 'poniedziałek, września 02' -fill white -annotate 0x0+60+60 'poniedziałek, września 02''
INFO: 2024-09-02 01:27:26,283: build_imagemagick_clock_cmd() 'ImageMagick clock cmd: convert /usr/share/wallpapers/0047.jpg -scale 1920x1080^ -density 100 -font `fc-match -f '%{file[0]}' 'Ubuntu Nerd Font:70'` -pointsize 70 -gravity SouthEast -fill '#00000044' -annotate 0x0+58+108 '01:27' -fill white -annotate 0x0+60+110 '01:27' -font `fc-match -f '%{file[0]}' 'Ubuntu Nerd Font:Medium:30'` -pointsize 30 -fill '#00000044' -annotate 0x0+58+58 'poniedziałek, września 02' -fill white -annotate 0x0+60+60 'poniedziałek, września 02' /home/pawel/.config/variety/wallpaper/wallpaper-clock-7dd9d629ae8601558890cca836c1a492.jpg'
INFO: 2024-09-02 01:27:26,382: update_indicator() 'Setting file info to: /usr/share/wallpapers/0047.jpg'
INFO: 2024-09-02 01:27:26,383: list_files() 'More than 1 files in the folders, stop listing'
INFO: 2024-09-02 01:27:26,903: trigger_download() 'Triggering download thread to check if download needed and possible'
INFO: 2024-09-02 01:27:26,935: set_wallpaper() 'Calling set_wallpaper with /usr/share/wallpapers/0051.jpg'
INFO: 2024-09-02 01:27:26,936: prepare_thread() 'Prepared buffer contains 96 images'
INFO: 2024-09-02 01:27:27,282: do_set_wp() 'Calling do_set_wp with /usr/share/wallpapers/0051.jpg, time: 1725233247.2822144'
INFO: 2024-09-02 01:27:27,283: compute_trimmed_offsets() 'Trimmed offsets debug info: w:1920, h:1080, ratio:1.777778, iw:1733, ih:1080, scw:1920, sch:1196, ho:0, vo:58'
INFO: 2024-09-02 01:27:27,283: build_imagemagick_clock_cmd() 'Applying clock filter: -density 100 -font `fc-match -f '%{file[0]}' 'Ubuntu Nerd Font:70'` -pointsize 70 -gravity SouthEast -fill '#00000044' -annotate 0x0+58+166 '01:27' -fill white -annotate 0x0+60+168 '01:27' -font `fc-match -f '%{file[0]}' 'Ubuntu Nerd Font:Medium:30'` -pointsize 30 -fill '#00000044' -annotate 0x0+58+116 'poniedziałek, września 02' -fill white -annotate 0x0+60+118 'poniedziałek, września 02''
INFO: 2024-09-02 01:27:27,283: build_imagemagick_clock_cmd() 'ImageMagick clock cmd: convert /usr/share/wallpapers/0051.jpg -scale 1920x1080^ -density 100 -font `fc-match -f '%{file[0]}' 'Ubuntu Nerd Font:70'` -pointsize 70 -gravity SouthEast -fill '#00000044' -annotate 0x0+58+166 '01:27' -fill white -annotate 0x0+60+168 '01:27' -font `fc-match -f '%{file[0]}' 'Ubuntu Nerd Font:Medium:30'` -pointsize 30 -fill '#00000044' -annotate 0x0+58+116 'poniedziałek, września 02' -fill white -annotate 0x0+60+118 'poniedziałek, września 02' /home/pawel/.config/variety/wallpaper/wallpaper-clock-ac7588fe8b203973f621704c320738f3.jpg'
INFO: 2024-09-02 01:27:27,416: update_indicator() 'Setting file info to: /usr/share/wallpapers/0051.jpg'
INFO: 2024-09-02 01:27:27,417: list_files() 'More than 1 files in the folders, stop listing'
INFO: 2024-09-02 01:27:28,131: trigger_download() 'Triggering download thread to check if download needed and possible'
INFO: 2024-09-02 01:27:28,231: process_command() 'Received command: ['-n']'
INFO: 2024-09-02 01:27:28,233: set_wallpaper() 'Calling set_wallpaper with /usr/share/wallpapers/0020.jpg'
INFO: 2024-09-02 01:27:28,233: prepare_thread() 'Prepared buffer contains 95 images'
INFO: 2024-09-02 01:27:28,282: do_set_wp() 'Calling do_set_wp with /usr/share/wallpapers/0020.jpg, time: 1725233248.282331'
INFO: 2024-09-02 01:27:28,282: compute_trimmed_offsets() 'Trimmed offsets debug info: w:1920, h:1080, ratio:1.777778, iw:1920, ih:1200, scw:1920, sch:1200, ho:0, vo:60'
INFO: 2024-09-02 01:27:28,283: build_imagemagick_clock_cmd() 'Applying clock filter: -density 100 -font `fc-match -f '%{file[0]}' 'Ubuntu Nerd Font:70'` -pointsize 70 -gravity SouthEast -fill '#00000044' -annotate 0x0+58+168 '01:27' -fill white -annotate 0x0+60+170 '01:27' -font `fc-match -f '%{file[0]}' 'Ubuntu Nerd Font:Medium:30'` -pointsize 30 -fill '#00000044' -annotate 0x0+58+118 'poniedziałek, września 02' -fill white -annotate 0x0+60+120 'poniedziałek, września 02''
INFO: 2024-09-02 01:27:28,283: build_imagemagick_clock_cmd() 'ImageMagick clock cmd: convert /usr/share/wallpapers/0020.jpg -scale 1920x1080^ -density 100 -font `fc-match -f '%{file[0]}' 'Ubuntu Nerd Font:70'` -pointsize 70 -gravity SouthEast -fill '#00000044' -annotate 0x0+58+168 '01:27' -fill white -annotate 0x0+60+170 '01:27' -font `fc-match -f '%{file[0]}' 'Ubuntu Nerd Font:Medium:30'` -pointsize 30 -fill '#00000044' -annotate 0x0+58+118 'poniedziałek, września 02' -fill white -annotate 0x0+60+120 'poniedziałek, września 02' /home/pawel/.config/variety/wallpaper/wallpaper-clock-5fe2edebd22c6806c875bdea4f995e48.jpg'
INFO: 2024-09-02 01:27:28,401: update_indicator() 'Setting file info to: /usr/share/wallpapers/0020.jpg'
INFO: 2024-09-02 01:27:28,402: list_files() 'More than 1 files in the folders, stop listing'
INFO: 2024-09-02 01:27:28,937: trigger_download() 'Triggering download thread to check if download needed and possible'
INFO: 2024-09-02 01:27:30,233: trigger_download() 'Triggering download thread to check if download needed and possible'
INFO: 2024-09-02 01:27:32,619: process_command() 'Received command: ['-n']'
INFO: 2024-09-02 01:27:32,621: set_wallpaper() 'Calling set_wallpaper with /usr/share/wallpapers/0177.jpg'
INFO: 2024-09-02 01:27:32,621: prepare_thread() 'Prepared buffer contains 94 images'
INFO: 2024-09-02 01:27:32,622: do_set_wp() 'Calling do_set_wp with /usr/share/wallpapers/0177.jpg, time: 1725233252.6220357'
INFO: 2024-09-02 01:27:32,622: compute_trimmed_offsets() 'Trimmed offsets debug info: w:1920, h:1080, ratio:1.777778, iw:3840, ih:2160, scw:1920, sch:1080, ho:0, vo:0'
INFO: 2024-09-02 01:27:32,622: build_imagemagick_clock_cmd() 'Applying clock filter: -density 100 -font `fc-match -f '%{file[0]}' 'Ubuntu Nerd Font:70'` -pointsize 70 -gravity SouthEast -fill '#00000044' -annotate 0x0+58+108 '01:27' -fill white -annotate 0x0+60+110 '01:27' -font `fc-match -f '%{file[0]}' 'Ubuntu Nerd Font:Medium:30'` -pointsize 30 -fill '#00000044' -annotate 0x0+58+58 'poniedziałek, września 02' -fill white -annotate 0x0+60+60 'poniedziałek, września 02''
INFO: 2024-09-02 01:27:32,622: build_imagemagick_clock_cmd() 'ImageMagick clock cmd: convert /usr/share/wallpapers/0177.jpg -scale 1920x1080^ -density 100 -font `fc-match -f '%{file[0]}' 'Ubuntu Nerd Font:70'` -pointsize 70 -gravity SouthEast -fill '#00000044' -annotate 0x0+58+108 '01:27' -fill white -annotate 0x0+60+110 '01:27' -font `fc-match -f '%{file[0]}' 'Ubuntu Nerd Font:Medium:30'` -pointsize 30 -fill '#00000044' -annotate 0x0+58+58 'poniedziałek, września 02' -fill white -annotate 0x0+60+60 'poniedziałek, września 02' /home/pawel/.config/variety/wallpaper/wallpaper-clock-8eeeda0c9c4e6ff88730bbdfaffbcab1.jpg'
INFO: 2024-09-02 01:27:32,884: update_indicator() 'Setting file info to: /usr/share/wallpapers/0177.jpg'
INFO: 2024-09-02 01:27:32,885: list_files() 'More than 1 files in the folders, stop listing'
INFO: 2024-09-02 01:27:34,622: trigger_download() 'Triggering download thread to check if download needed and possible'
INFO: 2024-09-02 01:27:41,935: server_options_thread() 'Fetching server options from http://tiny.cc/variety-options-063'
INFO: 2024-09-02 01:27:42,876: server_options_thread() 'Fetched server options: {'flickr': {'min_fill_queue_interval': 1200, 'min_download_interval': 1200}, 'wallbase': {'min_fill_queue_interval': 1800, 'min_download_interval': 1800}, 'wallhaven': {'min_fill_queue_interval': 1800, 'min_download_interval': 1800}, 'wallpapers.net': {'min_fill_queue_interval': 601, 'min_download_interval': 0}, 'unsplash': {'min_fill_queue_interval': 20000000000, 'min_download_interval': 20000000000}, 'unsplash_v2': {'min_fill_queue_interval': 3600, 'min_download_interval': 1800}, 'status_message': {'0.0.1': '', '*': ''}}'
INFO: 2024-09-02 01:28:00,942: clock_thread_method() 'clock_thread updates wallpaper'
INFO: 2024-09-02 01:28:00,943: do_set_wp() 'Calling do_set_wp with /usr/share/wallpapers/0177.jpg, time: 1725233280.9434073'
INFO: 2024-09-02 01:28:00,944: compute_trimmed_offsets() 'Trimmed offsets debug info: w:1920, h:1080, ratio:1.777778, iw:3840, ih:2160, scw:1920, sch:1080, ho:0, vo:0'
INFO: 2024-09-02 01:28:00,945: build_imagemagick_clock_cmd() 'Applying clock filter: -density 100 -font `fc-match -f '%{file[0]}' 'Ubuntu Nerd Font:70'` -pointsize 70 -gravity SouthEast -fill '#00000044' -annotate 0x0+58+108 '01:28' -fill white -annotate 0x0+60+110 '01:28' -font `fc-match -f '%{file[0]}' 'Ubuntu Nerd Font:Medium:30'` -pointsize 30 -fill '#00000044' -annotate 0x0+58+58 'poniedziałek, września 02' -fill white -annotate 0x0+60+60 'poniedziałek, września 02''
INFO: 2024-09-02 01:28:00,945: build_imagemagick_clock_cmd() 'ImageMagick clock cmd: convert /usr/share/wallpapers/0177.jpg -scale 1920x1080^ -density 100 -font `fc-match -f '%{file[0]}' 'Ubuntu Nerd Font:70'` -pointsize 70 -gravity SouthEast -fill '#00000044' -annotate 0x0+58+108 '01:28' -fill white -annotate 0x0+60+110 '01:28' -font `fc-match -f '%{file[0]}' 'Ubuntu Nerd Font:Medium:30'` -pointsize 30 -fill '#00000044' -annotate 0x0+58+58 'poniedziałek, września 02' -fill white -annotate 0x0+60+60 'poniedziałek, września 02' /home/pawel/.config/variety/wallpaper/wallpaper-clock-a0d7f2de9091afce5f916672a31500d9.jpg'
INFO: 2024-09-02 01:28:01,203: update_indicator() 'Setting file info to: /usr/share/wallpapers/0177.jpg'
INFO: 2024-09-02 01:28:01,204: list_files() 'More than 1 files in the folders, stop listing'
INFO: 2024-09-02 01:29:00,954: clock_thread_method() 'clock_thread updates wallpaper'
INFO: 2024-09-02 01:29:00,954: do_set_wp() 'Calling do_set_wp with /usr/share/wallpapers/0177.jpg, time: 1725233340.9547584'
INFO: 2024-09-02 01:29:00,956: compute_trimmed_offsets() 'Trimmed offsets debug info: w:1920, h:1080, ratio:1.777778, iw:3840, ih:2160, scw:1920, sch:1080, ho:0, vo:0'
INFO: 2024-09-02 01:29:00,956: build_imagemagick_clock_cmd() 'Applying clock filter: -density 100 -font `fc-match -f '%{file[0]}' 'Ubuntu Nerd Font:70'` -pointsize 70 -gravity SouthEast -fill '#00000044' -annotate 0x0+58+108 '01:29' -fill white -annotate 0x0+60+110 '01:29' -font `fc-match -f '%{file[0]}' 'Ubuntu Nerd Font:Medium:30'` -pointsize 30 -fill '#00000044' -annotate 0x0+58+58 'poniedziałek, września 02' -fill white -annotate 0x0+60+60 'poniedziałek, września 02''
INFO: 2024-09-02 01:29:00,956: build_imagemagick_clock_cmd() 'ImageMagick clock cmd: convert /usr/share/wallpapers/0177.jpg -scale 1920x1080^ -density 100 -font `fc-match -f '%{file[0]}' 'Ubuntu Nerd Font:70'` -pointsize 70 -gravity SouthEast -fill '#00000044' -annotate 0x0+58+108 '01:29' -fill white -annotate 0x0+60+110 '01:29' -font `fc-match -f '%{file[0]}' 'Ubuntu Nerd Font:Medium:30'` -pointsize 30 -fill '#00000044' -annotate 0x0+58+58 'poniedziałek, września 02' -fill white -annotate 0x0+60+60 'poniedziałek, września 02' /home/pawel/.config/variety/wallpaper/wallpaper-clock-245cb8068f61541df6575901d13691a6.jpg'
INFO: 2024-09-02 01:29:01,218: update_indicator() 'Setting file info to: /usr/share/wallpapers/0177.jpg'
INFO: 2024-09-02 01:29:01,218: list_files() 'More than 1 files in the folders, stop listing'
INFO: 2024-09-02 01:29:30,477: process_command() 'Received command: ['-n']'
INFO: 2024-09-02 01:29:30,479: set_wallpaper() 'Calling set_wallpaper with /usr/share/wallpapers/0246.jpg'
INFO: 2024-09-02 01:29:30,479: prepare_thread() 'Prepared buffer contains 93 images'
INFO: 2024-09-02 01:29:30,479: do_set_wp() 'Calling do_set_wp with /usr/share/wallpapers/0246.jpg, time: 1725233370.47975'
INFO: 2024-09-02 01:29:30,480: compute_trimmed_offsets() 'Trimmed offsets debug info: w:1920, h:1080, ratio:1.777778, iw:2560, ih:1600, scw:1920, sch:1200, ho:0, vo:60'
INFO: 2024-09-02 01:29:30,480: build_imagemagick_clock_cmd() 'Applying clock filter: -density 100 -font `fc-match -f '%{file[0]}' 'Ubuntu Nerd Font:70'` -pointsize 70 -gravity SouthEast -fill '#00000044' -annotate 0x0+58+168 '01:29' -fill white -annotate 0x0+60+170 '01:29' -font `fc-match -f '%{file[0]}' 'Ubuntu Nerd Font:Medium:30'` -pointsize 30 -fill '#00000044' -annotate 0x0+58+118 'poniedziałek, września 02' -fill white -annotate 0x0+60+120 'poniedziałek, września 02''
INFO: 2024-09-02 01:29:30,480: build_imagemagick_clock_cmd() 'ImageMagick clock cmd: convert /usr/share/wallpapers/0246.jpg -scale 1920x1080^ -density 100 -font `fc-match -f '%{file[0]}' 'Ubuntu Nerd Font:70'` -pointsize 70 -gravity SouthEast -fill '#00000044' -annotate 0x0+58+168 '01:29' -fill white -annotate 0x0+60+170 '01:29' -font `fc-match -f '%{file[0]}' 'Ubuntu Nerd Font:Medium:30'` -pointsize 30 -fill '#00000044' -annotate 0x0+58+118 'poniedziałek, września 02' -fill white -annotate 0x0+60+120 'poniedziałek, września 02' /home/pawel/.config/variety/wallpaper/wallpaper-clock-bd799e9b44ca0f42316aaca0337e7443.jpg'
INFO: 2024-09-02 01:29:30,666: update_indicator() 'Setting file info to: /usr/share/wallpapers/0246.jpg'
INFO: 2024-09-02 01:29:30,667: list_files() 'More than 1 files in the folders, stop listing'
INFO: 2024-09-02 01:29:32,480: trigger_download() 'Triggering download thread to check if download needed and possible'
INFO: 2024-09-02 01:30:00,967: clock_thread_method() 'clock_thread updates wallpaper'
INFO: 2024-09-02 01:30:00,968: do_set_wp() 'Calling do_set_wp with /usr/share/wallpapers/0246.jpg, time: 1725233400.9682791'
INFO: 2024-09-02 01:30:00,969: compute_trimmed_offsets() 'Trimmed offsets debug info: w:1920, h:1080, ratio:1.777778, iw:2560, ih:1600, scw:1920, sch:1200, ho:0, vo:60'
INFO: 2024-09-02 01:30:00,969: build_imagemagick_clock_cmd() 'Applying clock filter: -density 100 -font `fc-match -f '%{file[0]}' 'Ubuntu Nerd Font:70'` -pointsize 70 -gravity SouthEast -fill '#00000044' -annotate 0x0+58+168 '01:30' -fill white -annotate 0x0+60+170 '01:30' -font `fc-match -f '%{file[0]}' 'Ubuntu Nerd Font:Medium:30'` -pointsize 30 -fill '#00000044' -annotate 0x0+58+118 'poniedziałek, września 02' -fill white -annotate 0x0+60+120 'poniedziałek, września 02''
INFO: 2024-09-02 01:30:00,970: build_imagemagick_clock_cmd() 'ImageMagick clock cmd: convert /usr/share/wallpapers/0246.jpg -scale 1920x1080^ -density 100 -font `fc-match -f '%{file[0]}' 'Ubuntu Nerd Font:70'` -pointsize 70 -gravity SouthEast -fill '#00000044' -annotate 0x0+58+168 '01:30' -fill white -annotate 0x0+60+170 '01:30' -font `fc-match -f '%{file[0]}' 'Ubuntu Nerd Font:Medium:30'` -pointsize 30 -fill '#00000044' -annotate 0x0+58+118 'poniedziałek, września 02' -fill white -annotate 0x0+60+120 'poniedziałek, września 02' /home/pawel/.config/variety/wallpaper/wallpaper-clock-3d397d47f58b86fa6c65117a165f4f34.jpg'
INFO: 2024-09-02 01:30:01,164: update_indicator() 'Setting file info to: /usr/share/wallpapers/0246.jpg'
INFO: 2024-09-02 01:30:01,164: list_files() 'More than 1 files in the folders, stop listing'
INFO: 2024-09-02 01:31:00,979: clock_thread_method() 'clock_thread updates wallpaper'
INFO: 2024-09-02 01:31:00,979: do_set_wp() 'Calling do_set_wp with /usr/share/wallpapers/0246.jpg, time: 1725233460.9796872'
INFO: 2024-09-02 01:31:00,980: compute_trimmed_offsets() 'Trimmed offsets debug info: w:1920, h:1080, ratio:1.777778, iw:2560, ih:1600, scw:1920, sch:1200, ho:0, vo:60'
INFO: 2024-09-02 01:31:00,981: build_imagemagick_clock_cmd() 'Applying clock filter: -density 100 -font `fc-match -f '%{file[0]}' 'Ubuntu Nerd Font:70'` -pointsize 70 -gravity SouthEast -fill '#00000044' -annotate 0x0+58+168 '01:31' -fill white -annotate 0x0+60+170 '01:31' -font `fc-match -f '%{file[0]}' 'Ubuntu Nerd Font:Medium:30'` -pointsize 30 -fill '#00000044' -annotate 0x0+58+118 'poniedziałek, września 02' -fill white -annotate 0x0+60+120 'poniedziałek, września 02''
INFO: 2024-09-02 01:31:00,981: build_imagemagick_clock_cmd() 'ImageMagick clock cmd: convert /usr/share/wallpapers/0246.jpg -scale 1920x1080^ -density 100 -font `fc-match -f '%{file[0]}' 'Ubuntu Nerd Font:70'` -pointsize 70 -gravity SouthEast -fill '#00000044' -annotate 0x0+58+168 '01:31' -fill white -annotate 0x0+60+170 '01:31' -font `fc-match -f '%{file[0]}' 'Ubuntu Nerd Font:Medium:30'` -pointsize 30 -fill '#00000044' -annotate 0x0+58+118 'poniedziałek, września 02' -fill white -annotate 0x0+60+120 'poniedziałek, września 02' /home/pawel/.config/variety/wallpaper/wallpaper-clock-8bdbc479b5b370fbff83548a54aee678.jpg'
INFO: 2024-09-02 01:31:01,178: update_indicator() 'Setting file info to: /usr/share/wallpapers/0246.jpg'
INFO: 2024-09-02 01:31:01,178: list_files() 'More than 1 files in the folders, stop listing'
INFO: 2024-09-02 01:31:10,415: process_command() 'Received command: ['-n']'
INFO: 2024-09-02 01:31:10,418: set_wallpaper() 'Calling set_wallpaper with /usr/share/wallpapers/0069.jpg'
INFO: 2024-09-02 01:31:10,418: prepare_thread() 'Prepared buffer contains 92 images'
INFO: 2024-09-02 01:31:10,418: do_set_wp() 'Calling do_set_wp with /usr/share/wallpapers/0069.jpg, time: 1725233470.4184186'
INFO: 2024-09-02 01:31:10,418: compute_trimmed_offsets() 'Trimmed offsets debug info: w:1920, h:1080, ratio:1.777778, iw:2048, ih:1365, scw:1920, sch:1279, ho:0, vo:99'
INFO: 2024-09-02 01:31:10,418: build_imagemagick_clock_cmd() 'Applying clock filter: -density 100 -font `fc-match -f '%{file[0]}' 'Ubuntu Nerd Font:70'` -pointsize 70 -gravity SouthEast -fill '#00000044' -annotate 0x0+58+207 '01:31' -fill white -annotate 0x0+60+209 '01:31' -font `fc-match -f '%{file[0]}' 'Ubuntu Nerd Font:Medium:30'` -pointsize 30 -fill '#00000044' -annotate 0x0+58+157 'poniedziałek, września 02' -fill white -annotate 0x0+60+159 'poniedziałek, września 02''
INFO: 2024-09-02 01:31:10,418: build_imagemagick_clock_cmd() 'ImageMagick clock cmd: convert /usr/share/wallpapers/0069.jpg -scale 1920x1080^ -density 100 -font `fc-match -f '%{file[0]}' 'Ubuntu Nerd Font:70'` -pointsize 70 -gravity SouthEast -fill '#00000044' -annotate 0x0+58+207 '01:31' -fill white -annotate 0x0+60+209 '01:31' -font `fc-match -f '%{file[0]}' 'Ubuntu Nerd Font:Medium:30'` -pointsize 30 -fill '#00000044' -annotate 0x0+58+157 'poniedziałek, września 02' -fill white -annotate 0x0+60+159 'poniedziałek, września 02' /home/pawel/.config/variety/wallpaper/wallpaper-clock-135d9c8d51616ff0e38bc396643aeabb.jpg'
INFO: 2024-09-02 01:31:10,603: update_indicator() 'Setting file info to: /usr/share/wallpapers/0069.jpg'
INFO: 2024-09-02 01:31:10,603: list_files() 'More than 1 files in the folders, stop listing'
INFO: 2024-09-02 01:31:12,418: trigger_download() 'Triggering download thread to check if download needed and possible'
INFO: 2024-09-02 01:31:15,257: process_command() 'Received command: ['-n']'
INFO: 2024-09-02 01:31:15,259: set_wallpaper() 'Calling set_wallpaper with /usr/share/wallpapers/0254.jpg'
INFO: 2024-09-02 01:31:15,259: prepare_thread() 'Prepared buffer contains 91 images'
INFO: 2024-09-02 01:31:15,259: do_set_wp() 'Calling do_set_wp with /usr/share/wallpapers/0254.jpg, time: 1725233475.2593496'
INFO: 2024-09-02 01:31:15,259: compute_trimmed_offsets() 'Trimmed offsets debug info: w:1920, h:1080, ratio:1.777778, iw:1920, ih:1080, scw:1920, sch:1080, ho:0, vo:0'
INFO: 2024-09-02 01:31:15,259: build_imagemagick_clock_cmd() 'Applying clock filter: -density 100 -font `fc-match -f '%{file[0]}' 'Ubuntu Nerd Font:70'` -pointsize 70 -gravity SouthEast -fill '#00000044' -annotate 0x0+58+108 '01:31' -fill white -annotate 0x0+60+110 '01:31' -font `fc-match -f '%{file[0]}' 'Ubuntu Nerd Font:Medium:30'` -pointsize 30 -fill '#00000044' -annotate 0x0+58+58 'poniedziałek, września 02' -fill white -annotate 0x0+60+60 'poniedziałek, września 02''
INFO: 2024-09-02 01:31:15,259: build_imagemagick_clock_cmd() 'ImageMagick clock cmd: convert /usr/share/wallpapers/0254.jpg -scale 1920x1080^ -density 100 -font `fc-match -f '%{file[0]}' 'Ubuntu Nerd Font:70'` -pointsize 70 -gravity SouthEast -fill '#00000044' -annotate 0x0+58+108 '01:31' -fill white -annotate 0x0+60+110 '01:31' -font `fc-match -f '%{file[0]}' 'Ubuntu Nerd Font:Medium:30'` -pointsize 30 -fill '#00000044' -annotate 0x0+58+58 'poniedziałek, września 02' -fill white -annotate 0x0+60+60 'poniedziałek, września 02' /home/pawel/.config/variety/wallpaper/wallpaper-clock-ffa7758ee1c23d00e8feaf3e6ffd8879.jpg'
INFO: 2024-09-02 01:31:15,339: update_indicator() 'Setting file info to: /usr/share/wallpapers/0254.jpg'
INFO: 2024-09-02 01:31:15,340: list_files() 'More than 1 files in the folders, stop listing'
INFO: 2024-09-02 01:31:17,259: trigger_download() 'Triggering download thread to check if download needed and possible'
INFO: 2024-09-02 01:31:22,598: process_command() 'Received command: ['-n']'
INFO: 2024-09-02 01:31:22,599: set_wallpaper() 'Calling set_wallpaper with /usr/share/wallpapers/0107.jpg'
INFO: 2024-09-02 01:31:22,600: prepare_thread() 'Prepared buffer contains 90 images'
INFO: 2024-09-02 01:31:22,600: do_set_wp() 'Calling do_set_wp with /usr/share/wallpapers/0107.jpg, time: 1725233482.6001534'
INFO: 2024-09-02 01:31:22,600: compute_trimmed_offsets() 'Trimmed offsets debug info: w:1920, h:1080, ratio:1.777778, iw:1920, ih:1080, scw:1920, sch:1080, ho:0, vo:0'
INFO: 2024-09-02 01:31:22,600: build_imagemagick_clock_cmd() 'Applying clock filter: -density 100 -font `fc-match -f '%{file[0]}' 'Ubuntu Nerd Font:70'` -pointsize 70 -gravity SouthEast -fill '#00000044' -annotate 0x0+58+108 '01:31' -fill white -annotate 0x0+60+110 '01:31' -font `fc-match -f '%{file[0]}' 'Ubuntu Nerd Font:Medium:30'` -pointsize 30 -fill '#00000044' -annotate 0x0+58+58 'poniedziałek, września 02' -fill white -annotate 0x0+60+60 'poniedziałek, września 02''
INFO: 2024-09-02 01:31:22,600: build_imagemagick_clock_cmd() 'ImageMagick clock cmd: convert /usr/share/wallpapers/0107.jpg -scale 1920x1080^ -density 100 -font `fc-match -f '%{file[0]}' 'Ubuntu Nerd Font:70'` -pointsize 70 -gravity SouthEast -fill '#00000044' -annotate 0x0+58+108 '01:31' -fill white -annotate 0x0+60+110 '01:31' -font `fc-match -f '%{file[0]}' 'Ubuntu Nerd Font:Medium:30'` -pointsize 30 -fill '#00000044' -annotate 0x0+58+58 'poniedziałek, września 02' -fill white -annotate 0x0+60+60 'poniedziałek, września 02' /home/pawel/.config/variety/wallpaper/wallpaper-clock-80974e083f8d5375cbe5842f6510c61b.jpg'
INFO: 2024-09-02 01:31:22,688: update_indicator() 'Setting file info to: /usr/share/wallpapers/0107.jpg'
INFO: 2024-09-02 01:31:22,689: list_files() 'More than 1 files in the folders, stop listing'
INFO: 2024-09-02 01:31:24,600: trigger_download() 'Triggering download thread to check if download needed and possible'
INFO: 2024-09-02 01:32:00,991: clock_thread_method() 'clock_thread updates wallpaper'
INFO: 2024-09-02 01:32:00,991: do_set_wp() 'Calling do_set_wp with /usr/share/wallpapers/0107.jpg, time: 1725233520.9914389'
INFO: 2024-09-02 01:32:00,992: compute_trimmed_offsets() 'Trimmed offsets debug info: w:1920, h:1080, ratio:1.777778, iw:1920, ih:1080, scw:1920, sch:1080, ho:0, vo:0'
INFO: 2024-09-02 01:32:00,992: build_imagemagick_clock_cmd() 'Applying clock filter: -density 100 -font `fc-match -f '%{file[0]}' 'Ubuntu Nerd Font:70'` -pointsize 70 -gravity SouthEast -fill '#00000044' -annotate 0x0+58+108 '01:32' -fill white -annotate 0x0+60+110 '01:32' -font `fc-match -f '%{file[0]}' 'Ubuntu Nerd Font:Medium:30'` -pointsize 30 -fill '#00000044' -annotate 0x0+58+58 'poniedziałek, września 02' -fill white -annotate 0x0+60+60 'poniedziałek, września 02''
INFO: 2024-09-02 01:32:00,992: build_imagemagick_clock_cmd() 'ImageMagick clock cmd: convert /usr/share/wallpapers/0107.jpg -scale 1920x1080^ -density 100 -font `fc-match -f '%{file[0]}' 'Ubuntu Nerd Font:70'` -pointsize 70 -gravity SouthEast -fill '#00000044' -annotate 0x0+58+108 '01:32' -fill white -annotate 0x0+60+110 '01:32' -font `fc-match -f '%{file[0]}' 'Ubuntu Nerd Font:Medium:30'` -pointsize 30 -fill '#00000044' -annotate 0x0+58+58 'poniedziałek, września 02' -fill white -annotate 0x0+60+60 'poniedziałek, września 02' /home/pawel/.config/variety/wallpaper/wallpaper-clock-ce2522c5cc100f8e8f9d6b0d0c670067.jpg'
INFO: 2024-09-02 01:32:01,067: update_indicator() 'Setting file info to: /usr/share/wallpapers/0107.jpg'
INFO: 2024-09-02 01:32:01,068: list_files() 'More than 1 files in the folders, stop listing'
INFO: 2024-09-02 01:32:16,971: process_command() 'Received command: ['-n']'
INFO: 2024-09-02 01:32:16,973: set_wallpaper() 'Calling set_wallpaper with /usr/share/wallpapers/0244.jpg'
INFO: 2024-09-02 01:32:16,973: prepare_thread() 'Prepared buffer contains 89 images'
INFO: 2024-09-02 01:32:16,973: do_set_wp() 'Calling do_set_wp with /usr/share/wallpapers/0244.jpg, time: 1725233536.9734793'
INFO: 2024-09-02 01:32:16,973: compute_trimmed_offsets() 'Trimmed offsets debug info: w:1920, h:1080, ratio:1.777778, iw:1920, ih:1080, scw:1920, sch:1080, ho:0, vo:0'
INFO: 2024-09-02 01:32:16,973: build_imagemagick_clock_cmd() 'Applying clock filter: -density 100 -font `fc-match -f '%{file[0]}' 'Ubuntu Nerd Font:70'` -pointsize 70 -gravity SouthEast -fill '#00000044' -annotate 0x0+58+108 '01:32' -fill white -annotate 0x0+60+110 '01:32' -font `fc-match -f '%{file[0]}' 'Ubuntu Nerd Font:Medium:30'` -pointsize 30 -fill '#00000044' -annotate 0x0+58+58 'poniedziałek, września 02' -fill white -annotate 0x0+60+60 'poniedziałek, września 02''
INFO: 2024-09-02 01:32:16,974: build_imagemagick_clock_cmd() 'ImageMagick clock cmd: convert /usr/share/wallpapers/0244.jpg -scale 1920x1080^ -density 100 -font `fc-match -f '%{file[0]}' 'Ubuntu Nerd Font:70'` -pointsize 70 -gravity SouthEast -fill '#00000044' -annotate 0x0+58+108 '01:32' -fill white -annotate 0x0+60+110 '01:32' -font `fc-match -f '%{file[0]}' 'Ubuntu Nerd Font:Medium:30'` -pointsize 30 -fill '#00000044' -annotate 0x0+58+58 'poniedziałek, września 02' -fill white -annotate 0x0+60+60 'poniedziałek, września 02' /home/pawel/.config/variety/wallpaper/wallpaper-clock-304fa69663fd618120d0d3d807f6b989.jpg'
INFO: 2024-09-02 01:32:17,095: update_indicator() 'Setting file info to: /usr/share/wallpapers/0244.jpg'
INFO: 2024-09-02 01:32:17,095: list_files() 'More than 1 files in the folders, stop listing'
INFO: 2024-09-02 01:32:18,973: trigger_download() 'Triggering download thread to check if download needed and possible'
INFO: 2024-09-02 01:32:34,873: process_command() 'Received command: ['-n']'
INFO: 2024-09-02 01:32:34,875: set_wallpaper() 'Calling set_wallpaper with /usr/share/wallpapers/0115.jpg'
INFO: 2024-09-02 01:32:34,875: prepare_thread() 'Prepared buffer contains 88 images'
INFO: 2024-09-02 01:32:34,876: do_set_wp() 'Calling do_set_wp with /usr/share/wallpapers/0115.jpg, time: 1725233554.8760707'
INFO: 2024-09-02 01:32:34,876: compute_trimmed_offsets() 'Trimmed offsets debug info: w:1920, h:1080, ratio:1.777778, iw:2880, ih:1800, scw:1920, sch:1200, ho:0, vo:60'
INFO: 2024-09-02 01:32:34,876: build_imagemagick_clock_cmd() 'Applying clock filter: -density 100 -font `fc-match -f '%{file[0]}' 'Ubuntu Nerd Font:70'` -pointsize 70 -gravity SouthEast -fill '#00000044' -annotate 0x0+58+168 '01:32' -fill white -annotate 0x0+60+170 '01:32' -font `fc-match -f '%{file[0]}' 'Ubuntu Nerd Font:Medium:30'` -pointsize 30 -fill '#00000044' -annotate 0x0+58+118 'poniedziałek, września 02' -fill white -annotate 0x0+60+120 'poniedziałek, września 02''
INFO: 2024-09-02 01:32:34,876: build_imagemagick_clock_cmd() 'ImageMagick clock cmd: convert /usr/share/wallpapers/0115.jpg -scale 1920x1080^ -density 100 -font `fc-match -f '%{file[0]}' 'Ubuntu Nerd Font:70'` -pointsize 70 -gravity SouthEast -fill '#00000044' -annotate 0x0+58+168 '01:32' -fill white -annotate 0x0+60+170 '01:32' -font `fc-match -f '%{file[0]}' 'Ubuntu Nerd Font:Medium:30'` -pointsize 30 -fill '#00000044' -annotate 0x0+58+118 'poniedziałek, września 02' -fill white -annotate 0x0+60+120 'poniedziałek, września 02' /home/pawel/.config/variety/wallpaper/wallpaper-clock-85f63b46092b927e0a3fcdbe4c6bcf1b.jpg'
INFO: 2024-09-02 01:32:35,112: update_indicator() 'Setting file info to: /usr/share/wallpapers/0115.jpg'
INFO: 2024-09-02 01:32:35,112: list_files() 'More than 1 files in the folders, stop listing'
INFO: 2024-09-02 01:32:36,876: trigger_download() 'Triggering download thread to check if download needed and possible'
INFO: 2024-09-02 01:32:55,435: process_command() 'Received command: ['-n']'
INFO: 2024-09-02 01:32:55,437: set_wallpaper() 'Calling set_wallpaper with /usr/share/wallpapers/0053.jpg'
INFO: 2024-09-02 01:32:55,437: prepare_thread() 'Prepared buffer contains 87 images'
INFO: 2024-09-02 01:32:55,437: do_set_wp() 'Calling do_set_wp with /usr/share/wallpapers/0053.jpg, time: 1725233575.437745'
INFO: 2024-09-02 01:32:55,438: compute_trimmed_offsets() 'Trimmed offsets debug info: w:1920, h:1080, ratio:1.777778, iw:1920, ih:1200, scw:1920, sch:1200, ho:0, vo:60'
INFO: 2024-09-02 01:32:55,438: build_imagemagick_clock_cmd() 'Applying clock filter: -density 100 -font `fc-match -f '%{file[0]}' 'Ubuntu Nerd Font:70'` -pointsize 70 -gravity SouthEast -fill '#00000044' -annotate 0x0+58+168 '01:32' -fill white -annotate 0x0+60+170 '01:32' -font `fc-match -f '%{file[0]}' 'Ubuntu Nerd Font:Medium:30'` -pointsize 30 -fill '#00000044' -annotate 0x0+58+118 'poniedziałek, września 02' -fill white -annotate 0x0+60+120 'poniedziałek, września 02''
INFO: 2024-09-02 01:32:55,438: build_imagemagick_clock_cmd() 'ImageMagick clock cmd: convert /usr/share/wallpapers/0053.jpg -scale 1920x1080^ -density 100 -font `fc-match -f '%{file[0]}' 'Ubuntu Nerd Font:70'` -pointsize 70 -gravity SouthEast -fill '#00000044' -annotate 0x0+58+168 '01:32' -fill white -annotate 0x0+60+170 '01:32' -font `fc-match -f '%{file[0]}' 'Ubuntu Nerd Font:Medium:30'` -pointsize 30 -fill '#00000044' -annotate 0x0+58+118 'poniedziałek, września 02' -fill white -annotate 0x0+60+120 'poniedziałek, września 02' /home/pawel/.config/variety/wallpaper/wallpaper-clock-ae88438f5a4496488680a2987e718442.jpg'
INFO: 2024-09-02 01:32:55,551: update_indicator() 'Setting file info to: /usr/share/wallpapers/0053.jpg'
INFO: 2024-09-02 01:32:55,552: list_files() 'More than 1 files in the folders, stop listing'
INFO: 2024-09-02 01:32:57,438: trigger_download() 'Triggering download thread to check if download needed and possible'
INFO: 2024-09-02 01:33:00,001: clock_thread_method() 'clock_thread updates wallpaper'
INFO: 2024-09-02 01:33:00,002: do_set_wp() 'Calling do_set_wp with /usr/share/wallpapers/0053.jpg, time: 1725233580.0024028'
INFO: 2024-09-02 01:33:00,003: compute_trimmed_offsets() 'Trimmed offsets debug info: w:1920, h:1080, ratio:1.777778, iw:1920, ih:1200, scw:1920, sch:1200, ho:0, vo:60'
INFO: 2024-09-02 01:33:00,003: build_imagemagick_clock_cmd() 'Applying clock filter: -density 100 -font `fc-match -f '%{file[0]}' 'Ubuntu Nerd Font:70'` -pointsize 70 -gravity SouthEast -fill '#00000044' -annotate 0x0+58+168 '01:33' -fill white -annotate 0x0+60+170 '01:33' -font `fc-match -f '%{file[0]}' 'Ubuntu Nerd Font:Medium:30'` -pointsize 30 -fill '#00000044' -annotate 0x0+58+118 'poniedziałek, września 02' -fill white -annotate 0x0+60+120 'poniedziałek, września 02''
INFO: 2024-09-02 01:33:00,003: build_imagemagick_clock_cmd() 'ImageMagick clock cmd: convert /usr/share/wallpapers/0053.jpg -scale 1920x1080^ -density 100 -font `fc-match -f '%{file[0]}' 'Ubuntu Nerd Font:70'` -pointsize 70 -gravity SouthEast -fill '#00000044' -annotate 0x0+58+168 '01:33' -fill white -annotate 0x0+60+170 '01:33' -font `fc-match -f '%{file[0]}' 'Ubuntu Nerd Font:Medium:30'` -pointsize 30 -fill '#00000044' -annotate 0x0+58+118 'poniedziałek, września 02' -fill white -annotate 0x0+60+120 'poniedziałek, września 02' /home/pawel/.config/variety/wallpaper/wallpaper-clock-710e98745e8e91afe267989cd0536ce9.jpg'
INFO: 2024-09-02 01:33:00,114: update_indicator() 'Setting file info to: /usr/share/wallpapers/0053.jpg'
INFO: 2024-09-02 01:33:00,115: list_files() 'More than 1 files in the folders, stop listing'
INFO: 2024-09-02 01:33:10,243: process_command() 'Received command: ['-n']'
INFO: 2024-09-02 01:33:10,245: set_wallpaper() 'Calling set_wallpaper with /usr/share/wallpapers/0066.jpg'
INFO: 2024-09-02 01:33:10,245: prepare_thread() 'Prepared buffer contains 86 images'
INFO: 2024-09-02 01:33:10,245: do_set_wp() 'Calling do_set_wp with /usr/share/wallpapers/0066.jpg, time: 1725233590.2459803'
INFO: 2024-09-02 01:33:10,246: compute_trimmed_offsets() 'Trimmed offsets debug info: w:1920, h:1080, ratio:1.777778, iw:1920, ih:1080, scw:1920, sch:1080, ho:0, vo:0'
INFO: 2024-09-02 01:33:10,246: build_imagemagick_clock_cmd() 'Applying clock filter: -density 100 -font `fc-match -f '%{file[0]}' 'Ubuntu Nerd Font:70'` -pointsize 70 -gravity SouthEast -fill '#00000044' -annotate 0x0+58+108 '01:33' -fill white -annotate 0x0+60+110 '01:33' -font `fc-match -f '%{file[0]}' 'Ubuntu Nerd Font:Medium:30'` -pointsize 30 -fill '#00000044' -annotate 0x0+58+58 'poniedziałek, września 02' -fill white -annotate 0x0+60+60 'poniedziałek, września 02''
INFO: 2024-09-02 01:33:10,246: build_imagemagick_clock_cmd() 'ImageMagick clock cmd: convert /usr/share/wallpapers/0066.jpg -scale 1920x1080^ -density 100 -font `fc-match -f '%{file[0]}' 'Ubuntu Nerd Font:70'` -pointsize 70 -gravity SouthEast -fill '#00000044' -annotate 0x0+58+108 '01:33' -fill white -annotate 0x0+60+110 '01:33' -font `fc-match -f '%{file[0]}' 'Ubuntu Nerd Font:Medium:30'` -pointsize 30 -fill '#00000044' -annotate 0x0+58+58 'poniedziałek, września 02' -fill white -annotate 0x0+60+60 'poniedziałek, września 02' /home/pawel/.config/variety/wallpaper/wallpaper-clock-30bebf471a9c1edb58ff5fc5991b0ff9.jpg'
INFO: 2024-09-02 01:33:10,320: update_indicator() 'Setting file info to: /usr/share/wallpapers/0066.jpg'
INFO: 2024-09-02 01:33:10,321: list_files() 'More than 1 files in the folders, stop listing'
INFO: 2024-09-02 01:33:12,246: trigger_download() 'Triggering download thread to check if download needed and possible'
INFO: 2024-09-02 01:33:20,399: process_command() 'Received command: ['-n']'
INFO: 2024-09-02 01:33:20,401: set_wallpaper() 'Calling set_wallpaper with /usr/share/wallpapers/0249.jpg'
INFO: 2024-09-02 01:33:20,401: prepare_thread() 'Prepared buffer contains 85 images'
INFO: 2024-09-02 01:33:20,401: do_set_wp() 'Calling do_set_wp with /usr/share/wallpapers/0249.jpg, time: 1725233600.401859'
INFO: 2024-09-02 01:33:20,402: compute_trimmed_offsets() 'Trimmed offsets debug info: w:1920, h:1080, ratio:1.777778, iw:1920, ih:1080, scw:1920, sch:1080, ho:0, vo:0'
INFO: 2024-09-02 01:33:20,402: build_imagemagick_clock_cmd() 'Applying clock filter: -density 100 -font `fc-match -f '%{file[0]}' 'Ubuntu Nerd Font:70'` -pointsize 70 -gravity SouthEast -fill '#00000044' -annotate 0x0+58+108 '01:33' -fill white -annotate 0x0+60+110 '01:33' -font `fc-match -f '%{file[0]}' 'Ubuntu Nerd Font:Medium:30'` -pointsize 30 -fill '#00000044' -annotate 0x0+58+58 'poniedziałek, września 02' -fill white -annotate 0x0+60+60 'poniedziałek, września 02''
INFO: 2024-09-02 01:33:20,402: build_imagemagick_clock_cmd() 'ImageMagick clock cmd: convert /usr/share/wallpapers/0249.jpg -scale 1920x1080^ -density 100 -font `fc-match -f '%{file[0]}' 'Ubuntu Nerd Font:70'` -pointsize 70 -gravity SouthEast -fill '#00000044' -annotate 0x0+58+108 '01:33' -fill white -annotate 0x0+60+110 '01:33' -font `fc-match -f '%{file[0]}' 'Ubuntu Nerd Font:Medium:30'` -pointsize 30 -fill '#00000044' -annotate 0x0+58+58 'poniedziałek, września 02' -fill white -annotate 0x0+60+60 'poniedziałek, września 02' /home/pawel/.config/variety/wallpaper/wallpaper-clock-c0a7f277533d7e0b1a4dc7e8f9353790.jpg'
INFO: 2024-09-02 01:33:20,512: update_indicator() 'Setting file info to: /usr/share/wallpapers/0249.jpg'
INFO: 2024-09-02 01:33:20,513: list_files() 'More than 1 files in the folders, stop listing'
INFO: 2024-09-02 01:33:21,767: process_command() 'Received command: ['-n']'
INFO: 2024-09-02 01:33:21,769: set_wallpaper() 'Calling set_wallpaper with /usr/share/wallpapers/0092.jpg'
INFO: 2024-09-02 01:33:21,769: do_set_wp() 'Calling do_set_wp with /usr/share/wallpapers/0092.jpg, time: 1725233601.7695382'
INFO: 2024-09-02 01:33:21,769: prepare_thread() 'Prepared buffer contains 84 images'
INFO: 2024-09-02 01:33:21,770: compute_trimmed_offsets() 'Trimmed offsets debug info: w:1920, h:1080, ratio:1.777778, iw:1920, ih:1080, scw:1920, sch:1080, ho:0, vo:0'
INFO: 2024-09-02 01:33:21,770: build_imagemagick_clock_cmd() 'Applying clock filter: -density 100 -font `fc-match -f '%{file[0]}' 'Ubuntu Nerd Font:70'` -pointsize 70 -gravity SouthEast -fill '#00000044' -annotate 0x0+58+108 '01:33' -fill white -annotate 0x0+60+110 '01:33' -font `fc-match -f '%{file[0]}' 'Ubuntu Nerd Font:Medium:30'` -pointsize 30 -fill '#00000044' -annotate 0x0+58+58 'poniedziałek, września 02' -fill white -annotate 0x0+60+60 'poniedziałek, września 02''
INFO: 2024-09-02 01:33:21,770: build_imagemagick_clock_cmd() 'ImageMagick clock cmd: convert /usr/share/wallpapers/0092.jpg -scale 1920x1080^ -density 100 -font `fc-match -f '%{file[0]}' 'Ubuntu Nerd Font:70'` -pointsize 70 -gravity SouthEast -fill '#00000044' -annotate 0x0+58+108 '01:33' -fill white -annotate 0x0+60+110 '01:33' -font `fc-match -f '%{file[0]}' 'Ubuntu Nerd Font:Medium:30'` -pointsize 30 -fill '#00000044' -annotate 0x0+58+58 'poniedziałek, września 02' -fill white -annotate 0x0+60+60 'poniedziałek, września 02' /home/pawel/.config/variety/wallpaper/wallpaper-clock-6f8c71ce3cfa59d5191a82798664e630.jpg'
INFO: 2024-09-02 01:33:21,864: update_indicator() 'Setting file info to: /usr/share/wallpapers/0092.jpg'
INFO: 2024-09-02 01:33:21,865: list_files() 'More than 1 files in the folders, stop listing'
INFO: 2024-09-02 01:33:22,402: trigger_download() 'Triggering download thread to check if download needed and possible'
INFO: 2024-09-02 01:33:22,984: process_command() 'Received command: ['-n']'
INFO: 2024-09-02 01:33:22,986: set_wallpaper() 'Calling set_wallpaper with /usr/share/wallpapers/0142.jpg'
INFO: 2024-09-02 01:33:22,986: prepare_thread() 'Prepared buffer contains 83 images'
INFO: 2024-09-02 01:33:22,987: do_set_wp() 'Calling do_set_wp with /usr/share/wallpapers/0142.jpg, time: 1725233602.9872696'
INFO: 2024-09-02 01:33:22,987: compute_trimmed_offsets() 'Trimmed offsets debug info: w:1920, h:1080, ratio:1.777778, iw:1920, ih:1080, scw:1920, sch:1080, ho:0, vo:0'
INFO: 2024-09-02 01:33:22,987: build_imagemagick_clock_cmd() 'Applying clock filter: -density 100 -font `fc-match -f '%{file[0]}' 'Ubuntu Nerd Font:70'` -pointsize 70 -gravity SouthEast -fill '#00000044' -annotate 0x0+58+108 '01:33' -fill white -annotate 0x0+60+110 '01:33' -font `fc-match -f '%{file[0]}' 'Ubuntu Nerd Font:Medium:30'` -pointsize 30 -fill '#00000044' -annotate 0x0+58+58 'poniedziałek, września 02' -fill white -annotate 0x0+60+60 'poniedziałek, września 02''
INFO: 2024-09-02 01:33:22,987: build_imagemagick_clock_cmd() 'ImageMagick clock cmd: convert /usr/share/wallpapers/0142.jpg -scale 1920x1080^ -density 100 -font `fc-match -f '%{file[0]}' 'Ubuntu Nerd Font:70'` -pointsize 70 -gravity SouthEast -fill '#00000044' -annotate 0x0+58+108 '01:33' -fill white -annotate 0x0+60+110 '01:33' -font `fc-match -f '%{file[0]}' 'Ubuntu Nerd Font:Medium:30'` -pointsize 30 -fill '#00000044' -annotate 0x0+58+58 'poniedziałek, września 02' -fill white -annotate 0x0+60+60 'poniedziałek, września 02' /home/pawel/.config/variety/wallpaper/wallpaper-clock-9dc42fd2fdfc1bd1df3f947aefa459b3.jpg'
INFO: 2024-09-02 01:33:23,059: update_indicator() 'Setting file info to: /usr/share/wallpapers/0142.jpg'
INFO: 2024-09-02 01:33:23,059: list_files() 'More than 1 files in the folders, stop listing'
INFO: 2024-09-02 01:33:23,770: trigger_download() 'Triggering download thread to check if download needed and possible'
INFO: 2024-09-02 01:33:24,390: process_command() 'Received command: ['-n']'
INFO: 2024-09-02 01:33:24,391: set_wallpaper() 'Calling set_wallpaper with /usr/share/wallpapers/0135.jpg'
INFO: 2024-09-02 01:33:24,391: prepare_thread() 'Prepared buffer contains 82 images'
INFO: 2024-09-02 01:33:24,392: do_set_wp() 'Calling do_set_wp with /usr/share/wallpapers/0135.jpg, time: 1725233604.392167'
INFO: 2024-09-02 01:33:24,392: compute_trimmed_offsets() 'Trimmed offsets debug info: w:1920, h:1080, ratio:1.777778, iw:1920, ih:1080, scw:1920, sch:1080, ho:0, vo:0'
INFO: 2024-09-02 01:33:24,392: build_imagemagick_clock_cmd() 'Applying clock filter: -density 100 -font `fc-match -f '%{file[0]}' 'Ubuntu Nerd Font:70'` -pointsize 70 -gravity SouthEast -fill '#00000044' -annotate 0x0+58+108 '01:33' -fill white -annotate 0x0+60+110 '01:33' -font `fc-match -f '%{file[0]}' 'Ubuntu Nerd Font:Medium:30'` -pointsize 30 -fill '#00000044' -annotate 0x0+58+58 'poniedziałek, września 02' -fill white -annotate 0x0+60+60 'poniedziałek, września 02''
INFO: 2024-09-02 01:33:24,392: build_imagemagick_clock_cmd() 'ImageMagick clock cmd: convert /usr/share/wallpapers/0135.jpg -scale 1920x1080^ -density 100 -font `fc-match -f '%{file[0]}' 'Ubuntu Nerd Font:70'` -pointsize 70 -gravity SouthEast -fill '#00000044' -annotate 0x0+58+108 '01:33' -fill white -annotate 0x0+60+110 '01:33' -font `fc-match -f '%{file[0]}' 'Ubuntu Nerd Font:Medium:30'` -pointsize 30 -fill '#00000044' -annotate 0x0+58+58 'poniedziałek, września 02' -fill white -annotate 0x0+60+60 'poniedziałek, września 02' /home/pawel/.config/variety/wallpaper/wallpaper-clock-4dd7e04819993bd955da9e3cc67a084b.jpg'
INFO: 2024-09-02 01:33:24,461: update_indicator() 'Setting file info to: /usr/share/wallpapers/0135.jpg'
INFO: 2024-09-02 01:33:24,462: list_files() 'More than 1 files in the folders, stop listing'
INFO: 2024-09-02 01:33:24,987: trigger_download() 'Triggering download thread to check if download needed and possible'
INFO: 2024-09-02 01:33:25,537: process_command() 'Received command: ['-n']'
INFO: 2024-09-02 01:33:25,539: set_wallpaper() 'Calling set_wallpaper with /usr/share/wallpapers/0100.jpg'
INFO: 2024-09-02 01:33:25,539: prepare_thread() 'Prepared buffer contains 81 images'
INFO: 2024-09-02 01:33:25,539: do_set_wp() 'Calling do_set_wp with /usr/share/wallpapers/0100.jpg, time: 1725233605.5398374'
INFO: 2024-09-02 01:33:25,540: compute_trimmed_offsets() 'Trimmed offsets debug info: w:1920, h:1080, ratio:1.777778, iw:1920, ih:1080, scw:1920, sch:1080, ho:0, vo:0'
INFO: 2024-09-02 01:33:25,540: build_imagemagick_clock_cmd() 'Applying clock filter: -density 100 -font `fc-match -f '%{file[0]}' 'Ubuntu Nerd Font:70'` -pointsize 70 -gravity SouthEast -fill '#00000044' -annotate 0x0+58+108 '01:33' -fill white -annotate 0x0+60+110 '01:33' -font `fc-match -f '%{file[0]}' 'Ubuntu Nerd Font:Medium:30'` -pointsize 30 -fill '#00000044' -annotate 0x0+58+58 'poniedziałek, września 02' -fill white -annotate 0x0+60+60 'poniedziałek, września 02''
INFO: 2024-09-02 01:33:25,540: build_imagemagick_clock_cmd() 'ImageMagick clock cmd: convert /usr/share/wallpapers/0100.jpg -scale 1920x1080^ -density 100 -font `fc-match -f '%{file[0]}' 'Ubuntu Nerd Font:70'` -pointsize 70 -gravity SouthEast -fill '#00000044' -annotate 0x0+58+108 '01:33' -fill white -annotate 0x0+60+110 '01:33' -font `fc-match -f '%{file[0]}' 'Ubuntu Nerd Font:Medium:30'` -pointsize 30 -fill '#00000044' -annotate 0x0+58+58 'poniedziałek, września 02' -fill white -annotate 0x0+60+60 'poniedziałek, września 02' /home/pawel/.config/variety/wallpaper/wallpaper-clock-861652152da3687df7390c65a0cfbd81.jpg'
INFO: 2024-09-02 01:33:25,617: update_indicator() 'Setting file info to: /usr/share/wallpapers/0100.jpg'
INFO: 2024-09-02 01:33:25,618: list_files() 'More than 1 files in the folders, stop listing'
INFO: 2024-09-02 01:33:26,392: trigger_download() 'Triggering download thread to check if download needed and possible'
INFO: 2024-09-02 01:33:27,540: trigger_download() 'Triggering download thread to check if download needed and possible'
INFO: 2024-09-02 01:33:29,548: process_command() 'Received command: ['-n']'
INFO: 2024-09-02 01:33:29,550: set_wallpaper() 'Calling set_wallpaper with /usr/share/wallpapers/0159.jpg'
INFO: 2024-09-02 01:33:29,550: do_set_wp() 'Calling do_set_wp with /usr/share/wallpapers/0159.jpg, time: 1725233609.550892'
INFO: 2024-09-02 01:33:29,551: prepare_thread() 'Prepared buffer contains 80 images'
INFO: 2024-09-02 01:33:29,551: compute_trimmed_offsets() 'Trimmed offsets debug info: w:1920, h:1080, ratio:1.777778, iw:1920, ih:1080, scw:1920, sch:1080, ho:0, vo:0'
INFO: 2024-09-02 01:33:29,551: build_imagemagick_clock_cmd() 'Applying clock filter: -density 100 -font `fc-match -f '%{file[0]}' 'Ubuntu Nerd Font:70'` -pointsize 70 -gravity SouthEast -fill '#00000044' -annotate 0x0+58+108 '01:33' -fill white -annotate 0x0+60+110 '01:33' -font `fc-match -f '%{file[0]}' 'Ubuntu Nerd Font:Medium:30'` -pointsize 30 -fill '#00000044' -annotate 0x0+58+58 'poniedziałek, września 02' -fill white -annotate 0x0+60+60 'poniedziałek, września 02''
INFO: 2024-09-02 01:33:29,551: build_imagemagick_clock_cmd() 'ImageMagick clock cmd: convert /usr/share/wallpapers/0159.jpg -scale 1920x1080^ -density 100 -font `fc-match -f '%{file[0]}' 'Ubuntu Nerd Font:70'` -pointsize 70 -gravity SouthEast -fill '#00000044' -annotate 0x0+58+108 '01:33' -fill white -annotate 0x0+60+110 '01:33' -font `fc-match -f '%{file[0]}' 'Ubuntu Nerd Font:Medium:30'` -pointsize 30 -fill '#00000044' -annotate 0x0+58+58 'poniedziałek, września 02' -fill white -annotate 0x0+60+60 'poniedziałek, września 02' /home/pawel/.config/variety/wallpaper/wallpaper-clock-ffecd23a68f314942acd1114dcbcab28.jpg'
INFO: 2024-09-02 01:33:29,684: update_indicator() 'Setting file info to: /usr/share/wallpapers/0159.jpg'
INFO: 2024-09-02 01:33:29,685: list_files() 'More than 1 files in the folders, stop listing'
INFO: 2024-09-02 01:33:30,906: process_command() 'Received command: ['-n']'
INFO: 2024-09-02 01:33:30,908: set_wallpaper() 'Calling set_wallpaper with /usr/share/wallpapers/0060.jpg'
INFO: 2024-09-02 01:33:30,908: prepare_thread() 'Prepared buffer contains 79 images'
INFO: 2024-09-02 01:33:30,908: do_set_wp() 'Calling do_set_wp with /usr/share/wallpapers/0060.jpg, time: 1725233610.9084823'
INFO: 2024-09-02 01:33:30,909: compute_trimmed_offsets() 'Trimmed offsets debug info: w:1920, h:1080, ratio:1.777778, iw:1366, ih:768, scw:1920, sch:1080, ho:0, vo:0'
INFO: 2024-09-02 01:33:30,909: build_imagemagick_clock_cmd() 'Applying clock filter: -density 100 -font `fc-match -f '%{file[0]}' 'Ubuntu Nerd Font:70'` -pointsize 70 -gravity SouthEast -fill '#00000044' -annotate 0x0+58+108 '01:33' -fill white -annotate 0x0+60+110 '01:33' -font `fc-match -f '%{file[0]}' 'Ubuntu Nerd Font:Medium:30'` -pointsize 30 -fill '#00000044' -annotate 0x0+58+58 'poniedziałek, września 02' -fill white -annotate 0x0+60+60 'poniedziałek, września 02''
INFO: 2024-09-02 01:33:30,909: build_imagemagick_clock_cmd() 'ImageMagick clock cmd: convert /usr/share/wallpapers/0060.jpg -scale 1920x1080^ -density 100 -font `fc-match -f '%{file[0]}' 'Ubuntu Nerd Font:70'` -pointsize 70 -gravity SouthEast -fill '#00000044' -annotate 0x0+58+108 '01:33' -fill white -annotate 0x0+60+110 '01:33' -font `fc-match -f '%{file[0]}' 'Ubuntu Nerd Font:Medium:30'` -pointsize 30 -fill '#00000044' -annotate 0x0+58+58 'poniedziałek, września 02' -fill white -annotate 0x0+60+60 'poniedziałek, września 02' /home/pawel/.config/variety/wallpaper/wallpaper-clock-096c2f215dd538390383b829522636bc.jpg'
INFO: 2024-09-02 01:33:31,005: update_indicator() 'Setting file info to: /usr/share/wallpapers/0060.jpg'
INFO: 2024-09-02 01:33:31,005: list_files() 'More than 1 files in the folders, stop listing'
INFO: 2024-09-02 01:33:31,551: trigger_download() 'Triggering download thread to check if download needed and possible'
INFO: 2024-09-02 01:33:31,995: process_command() 'Received command: ['-n']'
INFO: 2024-09-02 01:33:31,997: set_wallpaper() 'Calling set_wallpaper with /usr/share/wallpapers/0305.jpg'
INFO: 2024-09-02 01:33:31,997: prepare_thread() 'Prepared buffer contains 78 images'
INFO: 2024-09-02 01:33:31,997: do_set_wp() 'Calling do_set_wp with /usr/share/wallpapers/0305.jpg, time: 1725233611.9977024'
INFO: 2024-09-02 01:33:31,998: compute_trimmed_offsets() 'Trimmed offsets debug info: w:1920, h:1080, ratio:1.777778, iw:1680, ih:1050, scw:1920, sch:1200, ho:0, vo:60'
INFO: 2024-09-02 01:33:31,998: build_imagemagick_clock_cmd() 'Applying clock filter: -density 100 -font `fc-match -f '%{file[0]}' 'Ubuntu Nerd Font:70'` -pointsize 70 -gravity SouthEast -fill '#00000044' -annotate 0x0+58+168 '01:33' -fill white -annotate 0x0+60+170 '01:33' -font `fc-match -f '%{file[0]}' 'Ubuntu Nerd Font:Medium:30'` -pointsize 30 -fill '#00000044' -annotate 0x0+58+118 'poniedziałek, września 02' -fill white -annotate 0x0+60+120 'poniedziałek, września 02''
INFO: 2024-09-02 01:33:31,998: build_imagemagick_clock_cmd() 'ImageMagick clock cmd: convert /usr/share/wallpapers/0305.jpg -scale 1920x1080^ -density 100 -font `fc-match -f '%{file[0]}' 'Ubuntu Nerd Font:70'` -pointsize 70 -gravity SouthEast -fill '#00000044' -annotate 0x0+58+168 '01:33' -fill white -annotate 0x0+60+170 '01:33' -font `fc-match -f '%{file[0]}' 'Ubuntu Nerd Font:Medium:30'` -pointsize 30 -fill '#00000044' -annotate 0x0+58+118 'poniedziałek, września 02' -fill white -annotate 0x0+60+120 'poniedziałek, września 02' /home/pawel/.config/variety/wallpaper/wallpaper-clock-e93dec2f7fefed8573e01e9e7a77d110.jpg'
INFO: 2024-09-02 01:33:32,115: update_indicator() 'Setting file info to: /usr/share/wallpapers/0305.jpg'
INFO: 2024-09-02 01:33:32,116: list_files() 'More than 1 files in the folders, stop listing'
INFO: 2024-09-02 01:33:32,908: trigger_download() 'Triggering download thread to check if download needed and possible'
INFO: 2024-09-02 01:33:33,698: process_command() 'Received command: ['-n']'
INFO: 2024-09-02 01:33:33,700: set_wallpaper() 'Calling set_wallpaper with /usr/share/wallpapers/0176.jpg'
INFO: 2024-09-02 01:33:33,700: do_set_wp() 'Calling do_set_wp with /usr/share/wallpapers/0176.jpg, time: 1725233613.7004263'
INFO: 2024-09-02 01:33:33,700: prepare_thread() 'Prepared buffer contains 77 images'
INFO: 2024-09-02 01:33:33,700: compute_trimmed_offsets() 'Trimmed offsets debug info: w:1920, h:1080, ratio:1.777778, iw:3840, ih:2560, scw:1920, sch:1280, ho:0, vo:100'
INFO: 2024-09-02 01:33:33,701: build_imagemagick_clock_cmd() 'Applying clock filter: -density 100 -font `fc-match -f '%{file[0]}' 'Ubuntu Nerd Font:70'` -pointsize 70 -gravity SouthEast -fill '#00000044' -annotate 0x0+58+208 '01:33' -fill white -annotate 0x0+60+210 '01:33' -font `fc-match -f '%{file[0]}' 'Ubuntu Nerd Font:Medium:30'` -pointsize 30 -fill '#00000044' -annotate 0x0+58+158 'poniedziałek, września 02' -fill white -annotate 0x0+60+160 'poniedziałek, września 02''
INFO: 2024-09-02 01:33:33,701: build_imagemagick_clock_cmd() 'ImageMagick clock cmd: convert /usr/share/wallpapers/0176.jpg -scale 1920x1080^ -density 100 -font `fc-match -f '%{file[0]}' 'Ubuntu Nerd Font:70'` -pointsize 70 -gravity SouthEast -fill '#00000044' -annotate 0x0+58+208 '01:33' -fill white -annotate 0x0+60+210 '01:33' -font `fc-match -f '%{file[0]}' 'Ubuntu Nerd Font:Medium:30'` -pointsize 30 -fill '#00000044' -annotate 0x0+58+158 'poniedziałek, września 02' -fill white -annotate 0x0+60+160 'poniedziałek, września 02' /home/pawel/.config/variety/wallpaper/wallpaper-clock-09a45e2ea28e4adde0118872d64af207.jpg'
INFO: 2024-09-02 01:33:33,996: update_indicator() 'Setting file info to: /usr/share/wallpapers/0176.jpg'
INFO: 2024-09-02 01:33:33,997: list_files() 'More than 1 files in the folders, stop listing'
INFO: 2024-09-02 01:33:33,997: trigger_download() 'Triggering download thread to check if download needed and possible'
INFO: 2024-09-02 01:33:35,078: process_command() 'Received command: ['-n']'
INFO: 2024-09-02 01:33:35,080: set_wallpaper() 'Calling set_wallpaper with /usr/share/wallpapers/0296.jpg'
INFO: 2024-09-02 01:33:35,080: prepare_thread() 'Prepared buffer contains 76 images'
INFO: 2024-09-02 01:33:35,081: do_set_wp() 'Calling do_set_wp with /usr/share/wallpapers/0296.jpg, time: 1725233615.0813947'
INFO: 2024-09-02 01:33:35,081: compute_trimmed_offsets() 'Trimmed offsets debug info: w:1920, h:1080, ratio:1.777778, iw:2500, ih:1576, scw:1920, sch:1210, ho:0, vo:65'
INFO: 2024-09-02 01:33:35,081: build_imagemagick_clock_cmd() 'Applying clock filter: -density 100 -font `fc-match -f '%{file[0]}' 'Ubuntu Nerd Font:70'` -pointsize 70 -gravity SouthEast -fill '#00000044' -annotate 0x0+58+173 '01:33' -fill white -annotate 0x0+60+175 '01:33' -font `fc-match -f '%{file[0]}' 'Ubuntu Nerd Font:Medium:30'` -pointsize 30 -fill '#00000044' -annotate 0x0+58+123 'poniedziałek, września 02' -fill white -annotate 0x0+60+125 'poniedziałek, września 02''
INFO: 2024-09-02 01:33:35,081: build_imagemagick_clock_cmd() 'ImageMagick clock cmd: convert /usr/share/wallpapers/0296.jpg -scale 1920x1080^ -density 100 -font `fc-match -f '%{file[0]}' 'Ubuntu Nerd Font:70'` -pointsize 70 -gravity SouthEast -fill '#00000044' -annotate 0x0+58+173 '01:33' -fill white -annotate 0x0+60+175 '01:33' -font `fc-match -f '%{file[0]}' 'Ubuntu Nerd Font:Medium:30'` -pointsize 30 -fill '#00000044' -annotate 0x0+58+123 'poniedziałek, września 02' -fill white -annotate 0x0+60+125 'poniedziałek, września 02' /home/pawel/.config/variety/wallpaper/wallpaper-clock-1d3023c1860eec194a7ce2ddc53d7bee.jpg'
INFO: 2024-09-02 01:33:35,260: update_indicator() 'Setting file info to: /usr/share/wallpapers/0296.jpg'
INFO: 2024-09-02 01:33:35,261: list_files() 'More than 1 files in the folders, stop listing'
INFO: 2024-09-02 01:33:35,700: trigger_download() 'Triggering download thread to check if download needed and possible'
INFO: 2024-09-02 01:33:36,594: process_command() 'Received command: ['-n']'
INFO: 2024-09-02 01:33:36,596: set_wallpaper() 'Calling set_wallpaper with /usr/share/wallpapers/0297.jpg'
INFO: 2024-09-02 01:33:36,596: do_set_wp() 'Calling do_set_wp with /usr/share/wallpapers/0297.jpg, time: 1725233616.5963554'
INFO: 2024-09-02 01:33:36,596: prepare_thread() 'Prepared buffer contains 75 images'
INFO: 2024-09-02 01:33:36,596: compute_trimmed_offsets() 'Trimmed offsets debug info: w:1920, h:1080, ratio:1.777778, iw:1920, ih:1280, scw:1920, sch:1280, ho:0, vo:100'
INFO: 2024-09-02 01:33:36,597: build_imagemagick_clock_cmd() 'Applying clock filter: -density 100 -font `fc-match -f '%{file[0]}' 'Ubuntu Nerd Font:70'` -pointsize 70 -gravity SouthEast -fill '#00000044' -annotate 0x0+58+208 '01:33' -fill white -annotate 0x0+60+210 '01:33' -font `fc-match -f '%{file[0]}' 'Ubuntu Nerd Font:Medium:30'` -pointsize 30 -fill '#00000044' -annotate 0x0+58+158 'poniedziałek, września 02' -fill white -annotate 0x0+60+160 'poniedziałek, września 02''
INFO: 2024-09-02 01:33:36,597: build_imagemagick_clock_cmd() 'ImageMagick clock cmd: convert /usr/share/wallpapers/0297.jpg -scale 1920x1080^ -density 100 -font `fc-match -f '%{file[0]}' 'Ubuntu Nerd Font:70'` -pointsize 70 -gravity SouthEast -fill '#00000044' -annotate 0x0+58+208 '01:33' -fill white -annotate 0x0+60+210 '01:33' -font `fc-match -f '%{file[0]}' 'Ubuntu Nerd Font:Medium:30'` -pointsize 30 -fill '#00000044' -annotate 0x0+58+158 'poniedziałek, września 02' -fill white -annotate 0x0+60+160 'poniedziałek, września 02' /home/pawel/.config/variety/wallpaper/wallpaper-clock-25d7018c689bfc364d711d3d1b8c1464.jpg'
INFO: 2024-09-02 01:33:36,692: update_indicator() 'Setting file info to: /usr/share/wallpapers/0297.jpg'
INFO: 2024-09-02 01:33:36,692: list_files() 'More than 1 files in the folders, stop listing'
INFO: 2024-09-02 01:33:37,081: trigger_download() 'Triggering download thread to check if download needed and possible'
INFO: 2024-09-02 01:33:38,148: process_command() 'Received command: ['-n']'
INFO: 2024-09-02 01:33:38,150: set_wallpaper() 'Calling set_wallpaper with /usr/share/wallpapers/0220.jpg'
INFO: 2024-09-02 01:33:38,150: prepare_thread() 'Prepared buffer contains 74 images'
INFO: 2024-09-02 01:33:38,150: do_set_wp() 'Calling do_set_wp with /usr/share/wallpapers/0220.jpg, time: 1725233618.1505198'
INFO: 2024-09-02 01:33:38,151: compute_trimmed_offsets() 'Trimmed offsets debug info: w:1920, h:1080, ratio:1.777778, iw:1707, ih:960, scw:1920, sch:1080, ho:0, vo:0'
INFO: 2024-09-02 01:33:38,151: build_imagemagick_clock_cmd() 'Applying clock filter: -density 100 -font `fc-match -f '%{file[0]}' 'Ubuntu Nerd Font:70'` -pointsize 70 -gravity SouthEast -fill '#00000044' -annotate 0x0+58+108 '01:33' -fill white -annotate 0x0+60+110 '01:33' -font `fc-match -f '%{file[0]}' 'Ubuntu Nerd Font:Medium:30'` -pointsize 30 -fill '#00000044' -annotate 0x0+58+58 'poniedziałek, września 02' -fill white -annotate 0x0+60+60 'poniedziałek, września 02''
INFO: 2024-09-02 01:33:38,151: build_imagemagick_clock_cmd() 'ImageMagick clock cmd: convert /usr/share/wallpapers/0220.jpg -scale 1920x1080^ -density 100 -font `fc-match -f '%{file[0]}' 'Ubuntu Nerd Font:70'` -pointsize 70 -gravity SouthEast -fill '#00000044' -annotate 0x0+58+108 '01:33' -fill white -annotate 0x0+60+110 '01:33' -font `fc-match -f '%{file[0]}' 'Ubuntu Nerd Font:Medium:30'` -pointsize 30 -fill '#00000044' -annotate 0x0+58+58 'poniedziałek, września 02' -fill white -annotate 0x0+60+60 'poniedziałek, września 02' /home/pawel/.config/variety/wallpaper/wallpaper-clock-a8b4a6e951049eed31d1a8f2ea58905a.jpg'
INFO: 2024-09-02 01:33:38,256: update_indicator() 'Setting file info to: /usr/share/wallpapers/0220.jpg'
INFO: 2024-09-02 01:33:38,256: list_files() 'More than 1 files in the folders, stop listing'
INFO: 2024-09-02 01:33:38,596: trigger_download() 'Triggering download thread to check if download needed and possible'
INFO: 2024-09-02 01:33:40,151: trigger_download() 'Triggering download thread to check if download needed and possible'
